{"message":"::1 - admin [19/May/2020:04:16:03 +0000] \"GET /quizes/ HTTP/1.1\" 200 - \"-\" \"PostmanRuntime/7.24.1\"\n","level":"info"}
{"message":"404 - Not Found - /are/ - GET - ::1","level":"error"}
{"message":"::1 - admin [19/May/2020:04:16:20 +0000] \"GET /are/ HTTP/1.1\" 404 1633 \"-\" \"PostmanRuntime/7.24.1\"\n","level":"info"}
{"message":"::1 - admin [19/May/2020:04:58:51 +0000] \"GET /quizes/ HTTP/1.1\" 200 - \"-\" \"PostmanRuntime/7.24.1\"\n","level":"info"}
{"message":"401 - You are not authosrised - /quizes - POST - ::ffff:127.0.0.1","level":"error"}
{"message":"::ffff:127.0.0.1 - - [19/May/2020:07:17:47 +0000] \"POST /quizes HTTP/1.1\" 401 5337 \"-\" \"node-superagent/3.8.3\"\n","level":"info"}
{"message":"::ffff:127.0.0.1 - admin [19/May/2020:07:25:23 +0000] \"POST /quizes HTTP/1.1\" 200 1111 \"-\" \"node-superagent/3.8.3\"\n","level":"info"}
{"message":"::1 - admin [19/May/2020:07:26:11 +0000] \"GET /quizes/ HTTP/1.1\" 200 - \"-\" \"PostmanRuntime/7.24.1\"\n","level":"info"}
{"message":"::1 - admin [19/May/2020:07:28:33 +0000] \"DELETE /quizes/ HTTP/1.1\" 200 31 \"-\" \"PostmanRuntime/7.24.1\"\n","level":"info"}
{"message":"::1 - admin [19/May/2020:07:28:42 +0000] \"GET /quizes/ HTTP/1.1\" 200 - \"-\" \"PostmanRuntime/7.24.1\"\n","level":"info"}
{"message":"::1 - admin [19/May/2020:08:09:59 +0000] \"GET /quizes/ HTTP/1.1\" 200 - \"-\" \"PostmanRuntime/7.24.1\"\n","level":"info"}
{"message":"401 - You are not authosrised - /quizes - POST - ::ffff:127.0.0.1","level":"error"}
{"message":"::ffff:127.0.0.1 - - [19/May/2020:08:10:32 +0000] \"POST /quizes HTTP/1.1\" 401 5337 \"-\" \"node-superagent/3.8.3\"\n","level":"info"}
{"message":"::ffff:127.0.0.1 - admin [19/May/2020:08:10:32 +0000] \"POST /quizes HTTP/1.1\" 200 1111 \"-\" \"node-superagent/3.8.3\"\n","level":"info"}
{"message":"::ffff:127.0.0.1 - admin [19/May/2020:08:10:32 +0000] \"PUT /quizes/5ec39478839a4d2430e05ead HTTP/1.1\" 200 1113 \"-\" \"node-superagent/3.8.3\"\n","level":"info"}
{"message":"::ffff:127.0.0.1 - admin [19/May/2020:08:10:32 +0000] \"POST /quizes/5ec39478839a4d2430e05ead/questions HTTP/1.1\" 200 1547 \"-\" \"node-superagent/3.8.3\"\n","level":"info"}
{"message":"500 - Question 0 not found - /quizes/5ec39478839a4d2430e05ead/questions/0 - PUT - ::ffff:127.0.0.1","level":"error"}
{"message":"::ffff:127.0.0.1 - admin [19/May/2020:08:10:32 +0000] \"PUT /quizes/5ec39478839a4d2430e05ead/questions/0 HTTP/1.1\" 500 330 \"-\" \"node-superagent/3.8.3\"\n","level":"info"}
{"message":"500 - Question 0 not found - /quizes/5ec39478839a4d2430e05ead/questions/0 - GET - ::ffff:127.0.0.1","level":"error"}
{"message":"::ffff:127.0.0.1 - - [19/May/2020:08:10:32 +0000] \"GET /quizes/5ec39478839a4d2430e05ead/questions/0 HTTP/1.1\" 500 330 \"-\" \"node-superagent/3.8.3\"\n","level":"info"}
{"message":"::ffff:127.0.0.1 - - [19/May/2020:08:10:32 +0000] \"GET /quizes/5ec39478839a4d2430e05ead/questions HTTP/1.1\" 200 1288 \"-\" \"node-superagent/3.8.3\"\n","level":"info"}
{"message":"::ffff:127.0.0.1 - - [19/May/2020:08:10:32 +0000] \"GET /quizes/5ec39478839a4d2430e05ead HTTP/1.1\" 200 - \"-\" \"node-superagent/3.8.3\"\n","level":"info"}
{"message":"::ffff:127.0.0.1 - - [19/May/2020:08:10:32 +0000] \"GET /quizes HTTP/1.1\" 200 - \"-\" \"node-superagent/3.8.3\"\n","level":"info"}
{"message":"500 - Question 0 not found - /quizes/5ec39478839a4d2430e05ead/questions/0 - DELETE - ::ffff:127.0.0.1","level":"error"}
{"message":"::ffff:127.0.0.1 - admin [19/May/2020:08:10:32 +0000] \"DELETE /quizes/5ec39478839a4d2430e05ead/questions/0 HTTP/1.1\" 500 330 \"-\" \"node-superagent/3.8.3\"\n","level":"info"}
{"message":"::ffff:127.0.0.1 - admin [19/May/2020:08:10:32 +0000] \"DELETE /quizes/5ec39478839a4d2430e05ead HTTP/1.1\" 200 1547 \"-\" \"node-superagent/3.8.3\"\n","level":"info"}
{"message":"::1 - admin [19/May/2020:08:12:26 +0000] \"GET /quizes/ HTTP/1.1\" 200 - \"-\" \"PostmanRuntime/7.24.1\"\n","level":"info"}
{"message":"::1 - admin [19/May/2020:08:12:32 +0000] \"GET /quizes/ HTTP/1.1\" 200 - \"-\" \"PostmanRuntime/7.24.1\"\n","level":"info"}
{"message":"401 - You are not authosrised - /quizes - POST - ::ffff:127.0.0.1","level":"error"}
{"message":"::ffff:127.0.0.1 - - [19/May/2020:08:12:51 +0000] \"POST /quizes HTTP/1.1\" 401 5337 \"-\" \"node-superagent/3.8.3\"\n","level":"info"}
{"message":"::ffff:127.0.0.1 - admin [19/May/2020:08:12:51 +0000] \"POST /quizes HTTP/1.1\" 200 1111 \"-\" \"node-superagent/3.8.3\"\n","level":"info"}
{"message":"::ffff:127.0.0.1 - admin [19/May/2020:08:12:51 +0000] \"PUT /quizes/5ec3950392a70e2e0c36e609 HTTP/1.1\" 200 1113 \"-\" \"node-superagent/3.8.3\"\n","level":"info"}
{"message":"::ffff:127.0.0.1 - admin [19/May/2020:08:12:51 +0000] \"POST /quizes/5ec3950392a70e2e0c36e609/questions HTTP/1.1\" 200 1547 \"-\" \"node-superagent/3.8.3\"\n","level":"info"}
{"message":"::ffff:127.0.0.1 - admin [19/May/2020:08:12:51 +0000] \"PUT /quizes/5ec3950392a70e2e0c36e609/questions/5ec3950392a70e2e0c36e614 HTTP/1.1\" 200 436 \"-\" \"node-superagent/3.8.3\"\n","level":"info"}
{"message":"::ffff:127.0.0.1 - - [19/May/2020:08:12:51 +0000] \"GET /quizes/5ec3950392a70e2e0c36e609/questions/5ec3950392a70e2e0c36e614 HTTP/1.1\" 200 436 \"-\" \"node-superagent/3.8.3\"\n","level":"info"}
{"message":"::ffff:127.0.0.1 - - [19/May/2020:08:12:51 +0000] \"GET /quizes/5ec3950392a70e2e0c36e609/questions HTTP/1.1\" 200 1291 \"-\" \"node-superagent/3.8.3\"\n","level":"info"}
{"message":"::ffff:127.0.0.1 - - [19/May/2020:08:12:51 +0000] \"GET /quizes/5ec3950392a70e2e0c36e609 HTTP/1.1\" 200 - \"-\" \"node-superagent/3.8.3\"\n","level":"info"}
{"message":"::ffff:127.0.0.1 - - [19/May/2020:08:12:51 +0000] \"GET /quizes HTTP/1.1\" 200 - \"-\" \"node-superagent/3.8.3\"\n","level":"info"}
{"message":"::ffff:127.0.0.1 - admin [19/May/2020:08:12:51 +0000] \"DELETE /quizes/5ec3950392a70e2e0c36e609/questions/5ec3950392a70e2e0c36e614 HTTP/1.1\" 200 1113 \"-\" \"node-superagent/3.8.3\"\n","level":"info"}
{"message":"::ffff:127.0.0.1 - admin [19/May/2020:08:12:51 +0000] \"DELETE /quizes/5ec3950392a70e2e0c36e609 HTTP/1.1\" 200 1113 \"-\" \"node-superagent/3.8.3\"\n","level":"info"}
{"message":"::1 - admin [19/May/2020:08:20:52 +0000] \"GET /quizes/ HTTP/1.1\" 200 - \"-\" \"PostmanRuntime/7.24.1\"\n","level":"info"}
{"message":"401 - You are not authosrised - /quizes - POST - ::ffff:127.0.0.1","level":"error"}
{"message":"::ffff:127.0.0.1 - - [19/May/2020:08:21:25 +0000] \"POST /quizes HTTP/1.1\" 401 5337 \"-\" \"node-superagent/3.8.3\"\n","level":"info"}
{"message":"::ffff:127.0.0.1 - admin [19/May/2020:08:21:25 +0000] \"POST /quizes HTTP/1.1\" 200 1111 \"-\" \"node-superagent/3.8.3\"\n","level":"info"}
{"message":"::ffff:127.0.0.1 - admin [19/May/2020:08:21:25 +0000] \"PUT /quizes/5ec39705682d551d3c2f5ee2 HTTP/1.1\" 200 1113 \"-\" \"node-superagent/3.8.3\"\n","level":"info"}
{"message":"::ffff:127.0.0.1 - admin [19/May/2020:08:21:25 +0000] \"POST /quizes/5ec39705682d551d3c2f5ee2/questions HTTP/1.1\" 200 1547 \"-\" \"node-superagent/3.8.3\"\n","level":"info"}
{"message":"::ffff:127.0.0.1 - admin [19/May/2020:08:21:25 +0000] \"PUT /quizes/5ec39705682d551d3c2f5ee2/questions/5ec39705682d551d3c2f5eed HTTP/1.1\" 200 436 \"-\" \"node-superagent/3.8.3\"\n","level":"info"}
{"message":"::ffff:127.0.0.1 - - [19/May/2020:08:21:25 +0000] \"GET /quizes/5ec39705682d551d3c2f5ee2/questions/5ec39705682d551d3c2f5eed HTTP/1.1\" 200 436 \"-\" \"node-superagent/3.8.3\"\n","level":"info"}
{"message":"::ffff:127.0.0.1 - - [19/May/2020:08:21:25 +0000] \"GET /quizes/5ec39705682d551d3c2f5ee2/questions HTTP/1.1\" 200 1291 \"-\" \"node-superagent/3.8.3\"\n","level":"info"}
{"message":"::ffff:127.0.0.1 - - [19/May/2020:08:21:25 +0000] \"GET /quizes/5ec39705682d551d3c2f5ee2 HTTP/1.1\" 200 - \"-\" \"node-superagent/3.8.3\"\n","level":"info"}
{"message":"::ffff:127.0.0.1 - - [19/May/2020:08:21:25 +0000] \"GET /quizes HTTP/1.1\" 200 - \"-\" \"node-superagent/3.8.3\"\n","level":"info"}
{"message":"::ffff:127.0.0.1 - admin [19/May/2020:08:21:25 +0000] \"DELETE /quizes/5ec39705682d551d3c2f5ee2/questions/5ec39705682d551d3c2f5eed HTTP/1.1\" 200 1113 \"-\" \"node-superagent/3.8.3\"\n","level":"info"}
{"message":"::ffff:127.0.0.1 - admin [19/May/2020:08:21:25 +0000] \"DELETE /quizes/5ec39705682d551d3c2f5ee2 HTTP/1.1\" 200 1113 \"-\" \"node-superagent/3.8.3\"\n","level":"info"}
{"error":{"code":"MODULE_NOT_FOUND","requireStack":["H:\\projects\\node-js\\quiz\\app.js","H:\\projects\\node-js\\quiz\\bin\\www"]},"level":"error","message":"uncaughtException: Cannot find module 'express-rate-limit'\nRequire stack:\n- H:\\projects\\node-js\\quiz\\app.js\n- H:\\projects\\node-js\\quiz\\bin\\www\nError: Cannot find module 'express-rate-limit'\nRequire stack:\n- H:\\projects\\node-js\\quiz\\app.js\n- H:\\projects\\node-js\\quiz\\bin\\www\n    at Function.Module._resolveFilename (internal/modules/cjs/loader.js:793:17)\n    at Function.Module._load (internal/modules/cjs/loader.js:686:27)\n    at Module.require (internal/modules/cjs/loader.js:848:19)\n    at require (internal/modules/cjs/helpers.js:74:18)\n    at Object.<anonymous> (H:\\projects\\node-js\\quiz\\app.js:7:19)\n    at Module._compile (internal/modules/cjs/loader.js:955:30)\n    at Object.Module._extensions..js (internal/modules/cjs/loader.js:991:10)\n    at Module.load (internal/modules/cjs/loader.js:811:32)\n    at Function.Module._load (internal/modules/cjs/loader.js:723:14)\n    at Module.require (internal/modules/cjs/loader.js:848:19)","stack":"Error: Cannot find module 'express-rate-limit'\nRequire stack:\n- H:\\projects\\node-js\\quiz\\app.js\n- H:\\projects\\node-js\\quiz\\bin\\www\n    at Function.Module._resolveFilename (internal/modules/cjs/loader.js:793:17)\n    at Function.Module._load (internal/modules/cjs/loader.js:686:27)\n    at Module.require (internal/modules/cjs/loader.js:848:19)\n    at require (internal/modules/cjs/helpers.js:74:18)\n    at Object.<anonymous> (H:\\projects\\node-js\\quiz\\app.js:7:19)\n    at Module._compile (internal/modules/cjs/loader.js:955:30)\n    at Object.Module._extensions..js (internal/modules/cjs/loader.js:991:10)\n    at Module.load (internal/modules/cjs/loader.js:811:32)\n    at Function.Module._load (internal/modules/cjs/loader.js:723:14)\n    at Module.require (internal/modules/cjs/loader.js:848:19)","exception":true,"date":"Tue Jan 12 2021 21:38:23 GMT+0530 (India Standard Time)","process":{"pid":10744,"uid":null,"gid":null,"cwd":"H:\\projects\\node-js\\quiz","execPath":"H:\\software\\Node js\\node.exe","version":"v12.15.0","argv":["H:\\software\\Node js\\node.exe","H:\\projects\\node-js\\quiz\\bin\\www"],"memoryUsage":{"rss":33869824,"heapTotal":16199680,"heapUsed":7525304,"external":1107616}},"os":{"loadavg":[0,0,0],"uptime":14599},"trace":[{"column":17,"file":"internal/modules/cjs/loader.js","function":"Module._resolveFilename","line":793,"method":"_resolveFilename","native":false},{"column":27,"file":"internal/modules/cjs/loader.js","function":"Module._load","line":686,"method":"_load","native":false},{"column":19,"file":"internal/modules/cjs/loader.js","function":"Module.require","line":848,"method":"require","native":false},{"column":18,"file":"internal/modules/cjs/helpers.js","function":"require","line":74,"method":null,"native":false},{"column":19,"file":"H:\\projects\\node-js\\quiz\\app.js","function":null,"line":7,"method":null,"native":false},{"column":30,"file":"internal/modules/cjs/loader.js","function":"Module._compile","line":955,"method":"_compile","native":false},{"column":10,"file":"internal/modules/cjs/loader.js","function":"Module._extensions..js","line":991,"method":".js","native":false},{"column":32,"file":"internal/modules/cjs/loader.js","function":"Module.load","line":811,"method":"load","native":false},{"column":14,"file":"internal/modules/cjs/loader.js","function":"Module._load","line":723,"method":"_load","native":false},{"column":19,"file":"internal/modules/cjs/loader.js","function":"Module.require","line":848,"method":"require","native":false}]}
{"message":"401 - You are not authosrised - /quizes - POST - ::ffff:127.0.0.1","level":"error"}
{"message":"::ffff:127.0.0.1 - - [13/Jan/2021:04:56:30 +0000] \"POST /quizes HTTP/1.1\" 401 - \"-\" \"node-superagent/3.8.3\"\n","level":"info"}
{"message":"::ffff:127.0.0.1 - admin [13/Jan/2021:04:56:31 +0000] \"POST /quizes HTTP/1.1\" 200 - \"-\" \"node-superagent/3.8.3\"\n","level":"info"}
{"message":"::ffff:127.0.0.1 - admin [13/Jan/2021:04:56:31 +0000] \"PUT /quizes/5ffe7d7eaed3501ff8c51b96 HTTP/1.1\" 200 - \"-\" \"node-superagent/3.8.3\"\n","level":"info"}
{"message":"::ffff:127.0.0.1 - admin [13/Jan/2021:04:56:31 +0000] \"POST /quizes/5ffe7d7eaed3501ff8c51b96/questions HTTP/1.1\" 200 - \"-\" \"node-superagent/3.8.3\"\n","level":"info"}
{"message":"::ffff:127.0.0.1 - admin [13/Jan/2021:04:56:31 +0000] \"PUT /quizes/5ffe7d7eaed3501ff8c51b96/questions/5ffe7d7faed3501ff8c51ba1 HTTP/1.1\" 200 436 \"-\" \"node-superagent/3.8.3\"\n","level":"info"}
{"message":"::ffff:127.0.0.1 - - [13/Jan/2021:04:56:31 +0000] \"GET /quizes/5ffe7d7eaed3501ff8c51b96/questions/5ffe7d7faed3501ff8c51ba1 HTTP/1.1\" 200 436 \"-\" \"node-superagent/3.8.3\"\n","level":"info"}
{"message":"::ffff:127.0.0.1 - - [13/Jan/2021:04:56:31 +0000] \"GET /quizes/5ffe7d7eaed3501ff8c51b96/questions HTTP/1.1\" 200 - \"-\" \"node-superagent/3.8.3\"\n","level":"info"}
{"message":"::ffff:127.0.0.1 - - [13/Jan/2021:04:56:31 +0000] \"GET /quizes/5ffe7d7eaed3501ff8c51b96 HTTP/1.1\" 200 - \"-\" \"node-superagent/3.8.3\"\n","level":"info"}
{"message":"::ffff:127.0.0.1 - - [13/Jan/2021:04:56:31 +0000] \"GET /quizes HTTP/1.1\" 200 - \"-\" \"node-superagent/3.8.3\"\n","level":"info"}
{"message":"::ffff:127.0.0.1 - admin [13/Jan/2021:04:56:31 +0000] \"DELETE /quizes/5ffe7d7eaed3501ff8c51b96/questions/5ffe7d7faed3501ff8c51ba1 HTTP/1.1\" 200 - \"-\" \"node-superagent/3.8.3\"\n","level":"info"}
{"message":"::ffff:127.0.0.1 - admin [13/Jan/2021:04:56:31 +0000] \"DELETE /quizes/5ffe7d7eaed3501ff8c51b96 HTTP/1.1\" 200 - \"-\" \"node-superagent/3.8.3\"\n","level":"info"}
{"message":"::1 - - [13/Jan/2021:04:59:28 +0000] \"GET / HTTP/1.1\" 200 170 \"-\" \"PostmanRuntime/7.26.8\"\n","level":"info"}
{"message":"::1 - - [13/Jan/2021:04:59:39 +0000] \"GET /quizes HTTP/1.1\" 200 - \"-\" \"PostmanRuntime/7.26.8\"\n","level":"info"}
{"message":"::1 - admin [13/Jan/2021:05:01:07 +0000] \"POST /quizes/ HTTP/1.1\" 200 - \"-\" \"PostmanRuntime/7.26.8\"\n","level":"info"}
{"message":"::1 - admin [13/Jan/2021:05:01:38 +0000] \"GET /quizes/ HTTP/1.1\" 200 - \"-\" \"PostmanRuntime/7.26.8\"\n","level":"info"}
{"message":"::1 - admin [13/Jan/2021:05:01:58 +0000] \"GET /quizes/5ffe7e93fd085113c8905f8c HTTP/1.1\" 200 - \"-\" \"PostmanRuntime/7.26.8\"\n","level":"info"}
{"message":"::1 - admin [13/Jan/2021:05:02:23 +0000] \"GET /quizes/5ffe7e93fd085113c8905f8c/questions HTTP/1.1\" 200 836 \"-\" \"PostmanRuntime/7.26.8\"\n","level":"info"}
{"message":"::1 - admin [13/Jan/2021:05:02:29 +0000] \"GET /quizes/5ffe7e93fd085113c8905f8c/questions/5ffe7e93fd085113c8905f8d HTTP/1.1\" 200 421 \"-\" \"PostmanRuntime/7.26.8\"\n","level":"info"}
{"message":"401 - You are not authosrised - /quizes - POST - ::ffff:127.0.0.1","level":"error"}
{"message":"::ffff:127.0.0.1 - - [13/Jan/2021:05:03:00 +0000] \"POST /quizes HTTP/1.1\" 401 - \"-\" \"node-superagent/3.8.3\"\n","level":"info"}
{"message":"::ffff:127.0.0.1 - admin [13/Jan/2021:05:03:00 +0000] \"POST /quizes HTTP/1.1\" 200 - \"-\" \"node-superagent/3.8.3\"\n","level":"info"}
{"message":"::ffff:127.0.0.1 - admin [13/Jan/2021:05:03:00 +0000] \"PUT /quizes/5ffe7f0406bc343bb4ccf5e8 HTTP/1.1\" 200 - \"-\" \"node-superagent/3.8.3\"\n","level":"info"}
{"message":"::ffff:127.0.0.1 - admin [13/Jan/2021:05:03:00 +0000] \"POST /quizes/5ffe7f0406bc343bb4ccf5e8/questions HTTP/1.1\" 200 - \"-\" \"node-superagent/3.8.3\"\n","level":"info"}
{"message":"::ffff:127.0.0.1 - admin [13/Jan/2021:05:03:00 +0000] \"PUT /quizes/5ffe7f0406bc343bb4ccf5e8/questions/5ffe7f0406bc343bb4ccf5f3 HTTP/1.1\" 200 436 \"-\" \"node-superagent/3.8.3\"\n","level":"info"}
{"message":"::ffff:127.0.0.1 - - [13/Jan/2021:05:03:00 +0000] \"GET /quizes/5ffe7f0406bc343bb4ccf5e8/questions/5ffe7f0406bc343bb4ccf5f3 HTTP/1.1\" 200 436 \"-\" \"node-superagent/3.8.3\"\n","level":"info"}
{"message":"::ffff:127.0.0.1 - - [13/Jan/2021:05:03:00 +0000] \"GET /quizes/5ffe7f0406bc343bb4ccf5e8/questions HTTP/1.1\" 200 - \"-\" \"node-superagent/3.8.3\"\n","level":"info"}
{"message":"::ffff:127.0.0.1 - - [13/Jan/2021:05:03:00 +0000] \"GET /quizes/5ffe7f0406bc343bb4ccf5e8 HTTP/1.1\" 200 - \"-\" \"node-superagent/3.8.3\"\n","level":"info"}
{"message":"::ffff:127.0.0.1 - - [13/Jan/2021:05:03:00 +0000] \"GET /quizes HTTP/1.1\" 200 - \"-\" \"node-superagent/3.8.3\"\n","level":"info"}
{"message":"::ffff:127.0.0.1 - admin [13/Jan/2021:05:03:00 +0000] \"DELETE /quizes/5ffe7f0406bc343bb4ccf5e8/questions/5ffe7f0406bc343bb4ccf5f3 HTTP/1.1\" 200 - \"-\" \"node-superagent/3.8.3\"\n","level":"info"}
{"message":"::ffff:127.0.0.1 - admin [13/Jan/2021:05:03:00 +0000] \"DELETE /quizes/5ffe7f0406bc343bb4ccf5e8 HTTP/1.1\" 200 - \"-\" \"node-superagent/3.8.3\"\n","level":"info"}
{"message":"::1 - - [11/Aug/2021:15:31:19 +0000] \"GET / HTTP/1.1\" 200 170 \"-\" \"PostmanRuntime/7.28.3\"\n","level":"info"}
{"message":"::1 - - [11/Aug/2021:15:31:48 +0000] \"GET /users HTTP/1.1\" 200 23 \"-\" \"PostmanRuntime/7.28.3\"\n","level":"info"}
{"message":"404 - Not Found - /users/signup - GET - ::1","level":"error"}
{"message":"::1 - - [11/Aug/2021:15:31:56 +0000] \"GET /users/signup HTTP/1.1\" 404 - \"-\" \"PostmanRuntime/7.28.3\"\n","level":"info"}
{"message":"500 - User is not defined - /users/signup - POST - ::1","level":"error"}
{"message":"::1 - - [11/Aug/2021:15:32:08 +0000] \"POST /users/signup HTTP/1.1\" 500 - \"-\" \"PostmanRuntime/7.28.3\"\n","level":"info"}
{"message":"::1 - - [11/Aug/2021:15:33:20 +0000] \"POST /users/signup HTTP/1.1\" 200 7 \"-\" \"PostmanRuntime/7.28.3\"\n","level":"info"}
{"message":"::1 - - [11/Aug/2021:15:33:56 +0000] \"POST /users/signup HTTP/1.1\" 200 7 \"-\" \"PostmanRuntime/7.28.3\"\n","level":"info"}
{"error":{},"level":"error","message":"uncaughtException: Unexpected token 'export'\nD:\\Code Programmin\\JavaScript\\Node\\QuizApp\\quiz-app-in-nodejs\\models\\Users.js:38\nexport default User;\n^^^^^^\n\nSyntaxError: Unexpected token 'export'\n    at wrapSafe (internal/modules/cjs/loader.js:1053:16)\n    at Module._compile (internal/modules/cjs/loader.js:1101:27)\n    at Object.Module._extensions..js (internal/modules/cjs/loader.js:1157:10)\n    at Module.load (internal/modules/cjs/loader.js:985:32)\n    at Function.Module._load (internal/modules/cjs/loader.js:878:14)\n    at Module.require (internal/modules/cjs/loader.js:1025:19)\n    at require (internal/modules/cjs/helpers.js:72:18)\n    at Object.<anonymous> (D:\\Code Programmin\\JavaScript\\Node\\QuizApp\\quiz-app-in-nodejs\\routes\\users.js:4:14)\n    at Module._compile (internal/modules/cjs/loader.js:1137:30)\n    at Object.Module._extensions..js (internal/modules/cjs/loader.js:1157:10)","stack":"D:\\Code Programmin\\JavaScript\\Node\\QuizApp\\quiz-app-in-nodejs\\models\\Users.js:38\nexport default User;\n^^^^^^\n\nSyntaxError: Unexpected token 'export'\n    at wrapSafe (internal/modules/cjs/loader.js:1053:16)\n    at Module._compile (internal/modules/cjs/loader.js:1101:27)\n    at Object.Module._extensions..js (internal/modules/cjs/loader.js:1157:10)\n    at Module.load (internal/modules/cjs/loader.js:985:32)\n    at Function.Module._load (internal/modules/cjs/loader.js:878:14)\n    at Module.require (internal/modules/cjs/loader.js:1025:19)\n    at require (internal/modules/cjs/helpers.js:72:18)\n    at Object.<anonymous> (D:\\Code Programmin\\JavaScript\\Node\\QuizApp\\quiz-app-in-nodejs\\routes\\users.js:4:14)\n    at Module._compile (internal/modules/cjs/loader.js:1137:30)\n    at Object.Module._extensions..js (internal/modules/cjs/loader.js:1157:10)","exception":true,"date":"Wed Aug 11 2021 20:35:33 GMT+0500 (Pakistan Standard Time)","process":{"pid":14016,"uid":null,"gid":null,"cwd":"D:\\Code Programmin\\JavaScript\\Node\\QuizApp\\quiz-app-in-nodejs","execPath":"C:\\Program Files\\nodejs\\node.exe","version":"v12.18.4","argv":["C:\\Program Files\\nodejs\\node.exe","D:\\Code Programmin\\JavaScript\\Node\\QuizApp\\quiz-app-in-nodejs\\bin\\www"],"memoryUsage":{"rss":39018496,"heapTotal":17547264,"heapUsed":10600576,"external":1436125,"arrayBuffers":97731}},"os":{"loadavg":[0,0,0],"uptime":44992},"trace":[{"column":16,"file":"internal/modules/cjs/loader.js","function":"wrapSafe","line":1053,"method":null,"native":false},{"column":27,"file":"internal/modules/cjs/loader.js","function":"Module._compile","line":1101,"method":"_compile","native":false},{"column":10,"file":"internal/modules/cjs/loader.js","function":"Module._extensions..js","line":1157,"method":".js","native":false},{"column":32,"file":"internal/modules/cjs/loader.js","function":"Module.load","line":985,"method":"load","native":false},{"column":14,"file":"internal/modules/cjs/loader.js","function":"Module._load","line":878,"method":"_load","native":false},{"column":19,"file":"internal/modules/cjs/loader.js","function":"Module.require","line":1025,"method":"require","native":false},{"column":18,"file":"internal/modules/cjs/helpers.js","function":"require","line":72,"method":null,"native":false},{"column":14,"file":"D:\\Code Programmin\\JavaScript\\Node\\QuizApp\\quiz-app-in-nodejs\\routes\\users.js","function":null,"line":4,"method":null,"native":false},{"column":30,"file":"internal/modules/cjs/loader.js","function":"Module._compile","line":1137,"method":"_compile","native":false},{"column":10,"file":"internal/modules/cjs/loader.js","function":"Module._extensions..js","line":1157,"method":".js","native":false}]}
{"error":{},"level":"error","message":"uncaughtException: Unexpected token 'export'\nD:\\Code Programmin\\JavaScript\\Node\\QuizApp\\quiz-app-in-nodejs\\models\\Users.js:38\nexport default User;\n^^^^^^\n\nSyntaxError: Unexpected token 'export'\n    at wrapSafe (internal/modules/cjs/loader.js:1053:16)\n    at Module._compile (internal/modules/cjs/loader.js:1101:27)\n    at Object.Module._extensions..js (internal/modules/cjs/loader.js:1157:10)\n    at Module.load (internal/modules/cjs/loader.js:985:32)\n    at Function.Module._load (internal/modules/cjs/loader.js:878:14)\n    at Module.require (internal/modules/cjs/loader.js:1025:19)\n    at require (internal/modules/cjs/helpers.js:72:18)\n    at Object.<anonymous> (D:\\Code Programmin\\JavaScript\\Node\\QuizApp\\quiz-app-in-nodejs\\routes\\users.js:4:14)\n    at Module._compile (internal/modules/cjs/loader.js:1137:30)\n    at Object.Module._extensions..js (internal/modules/cjs/loader.js:1157:10)","stack":"D:\\Code Programmin\\JavaScript\\Node\\QuizApp\\quiz-app-in-nodejs\\models\\Users.js:38\nexport default User;\n^^^^^^\n\nSyntaxError: Unexpected token 'export'\n    at wrapSafe (internal/modules/cjs/loader.js:1053:16)\n    at Module._compile (internal/modules/cjs/loader.js:1101:27)\n    at Object.Module._extensions..js (internal/modules/cjs/loader.js:1157:10)\n    at Module.load (internal/modules/cjs/loader.js:985:32)\n    at Function.Module._load (internal/modules/cjs/loader.js:878:14)\n    at Module.require (internal/modules/cjs/loader.js:1025:19)\n    at require (internal/modules/cjs/helpers.js:72:18)\n    at Object.<anonymous> (D:\\Code Programmin\\JavaScript\\Node\\QuizApp\\quiz-app-in-nodejs\\routes\\users.js:4:14)\n    at Module._compile (internal/modules/cjs/loader.js:1137:30)\n    at Object.Module._extensions..js (internal/modules/cjs/loader.js:1157:10)","exception":true,"date":"Wed Aug 11 2021 20:37:04 GMT+0500 (Pakistan Standard Time)","process":{"pid":10396,"uid":null,"gid":null,"cwd":"D:\\Code Programmin\\JavaScript\\Node\\QuizApp\\quiz-app-in-nodejs","execPath":"C:\\Program Files\\nodejs\\node.exe","version":"v12.18.4","argv":["C:\\Program Files\\nodejs\\node.exe","D:\\Code Programmin\\JavaScript\\Node\\QuizApp\\quiz-app-in-nodejs\\bin\\www"],"memoryUsage":{"rss":38883328,"heapTotal":17547264,"heapUsed":10505440,"external":1427933,"arrayBuffers":89539}},"os":{"loadavg":[0,0,0],"uptime":45082},"trace":[{"column":16,"file":"internal/modules/cjs/loader.js","function":"wrapSafe","line":1053,"method":null,"native":false},{"column":27,"file":"internal/modules/cjs/loader.js","function":"Module._compile","line":1101,"method":"_compile","native":false},{"column":10,"file":"internal/modules/cjs/loader.js","function":"Module._extensions..js","line":1157,"method":".js","native":false},{"column":32,"file":"internal/modules/cjs/loader.js","function":"Module.load","line":985,"method":"load","native":false},{"column":14,"file":"internal/modules/cjs/loader.js","function":"Module._load","line":878,"method":"_load","native":false},{"column":19,"file":"internal/modules/cjs/loader.js","function":"Module.require","line":1025,"method":"require","native":false},{"column":18,"file":"internal/modules/cjs/helpers.js","function":"require","line":72,"method":null,"native":false},{"column":14,"file":"D:\\Code Programmin\\JavaScript\\Node\\QuizApp\\quiz-app-in-nodejs\\routes\\users.js","function":null,"line":4,"method":null,"native":false},{"column":30,"file":"internal/modules/cjs/loader.js","function":"Module._compile","line":1137,"method":"_compile","native":false},{"column":10,"file":"internal/modules/cjs/loader.js","function":"Module._extensions..js","line":1157,"method":".js","native":false}]}
{"error":{},"level":"error","message":"uncaughtException: Unexpected token 'export'\nD:\\Code Programmin\\JavaScript\\Node\\QuizApp\\quiz-app-in-nodejs\\models\\Users.js:38\nexport default User;\n^^^^^^\n\nSyntaxError: Unexpected token 'export'\n    at wrapSafe (internal/modules/cjs/loader.js:1053:16)\n    at Module._compile (internal/modules/cjs/loader.js:1101:27)\n    at Object.Module._extensions..js (internal/modules/cjs/loader.js:1157:10)\n    at Module.load (internal/modules/cjs/loader.js:985:32)\n    at Function.Module._load (internal/modules/cjs/loader.js:878:14)\n    at Module.require (internal/modules/cjs/loader.js:1025:19)\n    at require (internal/modules/cjs/helpers.js:72:18)\n    at Object.<anonymous> (D:\\Code Programmin\\JavaScript\\Node\\QuizApp\\quiz-app-in-nodejs\\routes\\users.js:4:14)\n    at Module._compile (internal/modules/cjs/loader.js:1137:30)\n    at Object.Module._extensions..js (internal/modules/cjs/loader.js:1157:10)","stack":"D:\\Code Programmin\\JavaScript\\Node\\QuizApp\\quiz-app-in-nodejs\\models\\Users.js:38\nexport default User;\n^^^^^^\n\nSyntaxError: Unexpected token 'export'\n    at wrapSafe (internal/modules/cjs/loader.js:1053:16)\n    at Module._compile (internal/modules/cjs/loader.js:1101:27)\n    at Object.Module._extensions..js (internal/modules/cjs/loader.js:1157:10)\n    at Module.load (internal/modules/cjs/loader.js:985:32)\n    at Function.Module._load (internal/modules/cjs/loader.js:878:14)\n    at Module.require (internal/modules/cjs/loader.js:1025:19)\n    at require (internal/modules/cjs/helpers.js:72:18)\n    at Object.<anonymous> (D:\\Code Programmin\\JavaScript\\Node\\QuizApp\\quiz-app-in-nodejs\\routes\\users.js:4:14)\n    at Module._compile (internal/modules/cjs/loader.js:1137:30)\n    at Object.Module._extensions..js (internal/modules/cjs/loader.js:1157:10)","exception":true,"date":"Wed Aug 11 2021 20:37:38 GMT+0500 (Pakistan Standard Time)","process":{"pid":9576,"uid":null,"gid":null,"cwd":"D:\\Code Programmin\\JavaScript\\Node\\QuizApp\\quiz-app-in-nodejs","execPath":"C:\\Program Files\\nodejs\\node.exe","version":"v12.18.4","argv":["C:\\Program Files\\nodejs\\node.exe","D:\\Code Programmin\\JavaScript\\Node\\QuizApp\\quiz-app-in-nodejs\\bin\\www"],"memoryUsage":{"rss":39018496,"heapTotal":17809408,"heapUsed":10536744,"external":1427933,"arrayBuffers":89539}},"os":{"loadavg":[0,0,0],"uptime":45116},"trace":[{"column":16,"file":"internal/modules/cjs/loader.js","function":"wrapSafe","line":1053,"method":null,"native":false},{"column":27,"file":"internal/modules/cjs/loader.js","function":"Module._compile","line":1101,"method":"_compile","native":false},{"column":10,"file":"internal/modules/cjs/loader.js","function":"Module._extensions..js","line":1157,"method":".js","native":false},{"column":32,"file":"internal/modules/cjs/loader.js","function":"Module.load","line":985,"method":"load","native":false},{"column":14,"file":"internal/modules/cjs/loader.js","function":"Module._load","line":878,"method":"_load","native":false},{"column":19,"file":"internal/modules/cjs/loader.js","function":"Module.require","line":1025,"method":"require","native":false},{"column":18,"file":"internal/modules/cjs/helpers.js","function":"require","line":72,"method":null,"native":false},{"column":14,"file":"D:\\Code Programmin\\JavaScript\\Node\\QuizApp\\quiz-app-in-nodejs\\routes\\users.js","function":null,"line":4,"method":null,"native":false},{"column":30,"file":"internal/modules/cjs/loader.js","function":"Module._compile","line":1137,"method":"_compile","native":false},{"column":10,"file":"internal/modules/cjs/loader.js","function":"Module._extensions..js","line":1157,"method":".js","native":false}]}
{"error":{},"level":"error","message":"uncaughtException: Unexpected token 'export'\nD:\\Code Programmin\\JavaScript\\Node\\QuizApp\\quiz-app-in-nodejs\\models\\Users.js:38\nexport default User;\n^^^^^^\n\nSyntaxError: Unexpected token 'export'\n    at wrapSafe (internal/modules/cjs/loader.js:1053:16)\n    at Module._compile (internal/modules/cjs/loader.js:1101:27)\n    at Object.Module._extensions..js (internal/modules/cjs/loader.js:1157:10)\n    at Module.load (internal/modules/cjs/loader.js:985:32)\n    at Function.Module._load (internal/modules/cjs/loader.js:878:14)\n    at Module.require (internal/modules/cjs/loader.js:1025:19)\n    at require (internal/modules/cjs/helpers.js:72:18)\n    at Object.<anonymous> (D:\\Code Programmin\\JavaScript\\Node\\QuizApp\\quiz-app-in-nodejs\\routes\\users.js:4:14)\n    at Module._compile (internal/modules/cjs/loader.js:1137:30)\n    at Object.Module._extensions..js (internal/modules/cjs/loader.js:1157:10)","stack":"D:\\Code Programmin\\JavaScript\\Node\\QuizApp\\quiz-app-in-nodejs\\models\\Users.js:38\nexport default User;\n^^^^^^\n\nSyntaxError: Unexpected token 'export'\n    at wrapSafe (internal/modules/cjs/loader.js:1053:16)\n    at Module._compile (internal/modules/cjs/loader.js:1101:27)\n    at Object.Module._extensions..js (internal/modules/cjs/loader.js:1157:10)\n    at Module.load (internal/modules/cjs/loader.js:985:32)\n    at Function.Module._load (internal/modules/cjs/loader.js:878:14)\n    at Module.require (internal/modules/cjs/loader.js:1025:19)\n    at require (internal/modules/cjs/helpers.js:72:18)\n    at Object.<anonymous> (D:\\Code Programmin\\JavaScript\\Node\\QuizApp\\quiz-app-in-nodejs\\routes\\users.js:4:14)\n    at Module._compile (internal/modules/cjs/loader.js:1137:30)\n    at Object.Module._extensions..js (internal/modules/cjs/loader.js:1157:10)","exception":true,"date":"Wed Aug 11 2021 20:37:47 GMT+0500 (Pakistan Standard Time)","process":{"pid":8760,"uid":null,"gid":null,"cwd":"D:\\Code Programmin\\JavaScript\\Node\\QuizApp\\quiz-app-in-nodejs","execPath":"C:\\Program Files\\nodejs\\node.exe","version":"v12.18.4","argv":["C:\\Program Files\\nodejs\\node.exe","D:\\Code Programmin\\JavaScript\\Node\\QuizApp\\quiz-app-in-nodejs\\bin\\www"],"memoryUsage":{"rss":38887424,"heapTotal":17809408,"heapUsed":10513216,"external":1427933,"arrayBuffers":89539}},"os":{"loadavg":[0,0,0],"uptime":45125},"trace":[{"column":16,"file":"internal/modules/cjs/loader.js","function":"wrapSafe","line":1053,"method":null,"native":false},{"column":27,"file":"internal/modules/cjs/loader.js","function":"Module._compile","line":1101,"method":"_compile","native":false},{"column":10,"file":"internal/modules/cjs/loader.js","function":"Module._extensions..js","line":1157,"method":".js","native":false},{"column":32,"file":"internal/modules/cjs/loader.js","function":"Module.load","line":985,"method":"load","native":false},{"column":14,"file":"internal/modules/cjs/loader.js","function":"Module._load","line":878,"method":"_load","native":false},{"column":19,"file":"internal/modules/cjs/loader.js","function":"Module.require","line":1025,"method":"require","native":false},{"column":18,"file":"internal/modules/cjs/helpers.js","function":"require","line":72,"method":null,"native":false},{"column":14,"file":"D:\\Code Programmin\\JavaScript\\Node\\QuizApp\\quiz-app-in-nodejs\\routes\\users.js","function":null,"line":4,"method":null,"native":false},{"column":30,"file":"internal/modules/cjs/loader.js","function":"Module._compile","line":1137,"method":"_compile","native":false},{"column":10,"file":"internal/modules/cjs/loader.js","function":"Module._extensions..js","line":1157,"method":".js","native":false}]}
{"error":{},"level":"error","message":"uncaughtException: Unexpected token 'export'\nD:\\Code Programmin\\JavaScript\\Node\\QuizApp\\quiz-app-in-nodejs\\models\\Users.js:38\nexport default User;\n^^^^^^\n\nSyntaxError: Unexpected token 'export'\n    at wrapSafe (internal/modules/cjs/loader.js:1053:16)\n    at Module._compile (internal/modules/cjs/loader.js:1101:27)\n    at Object.Module._extensions..js (internal/modules/cjs/loader.js:1157:10)\n    at Module.load (internal/modules/cjs/loader.js:985:32)\n    at Function.Module._load (internal/modules/cjs/loader.js:878:14)\n    at Module.require (internal/modules/cjs/loader.js:1025:19)\n    at require (internal/modules/cjs/helpers.js:72:18)\n    at Object.<anonymous> (D:\\Code Programmin\\JavaScript\\Node\\QuizApp\\quiz-app-in-nodejs\\routes\\users.js:4:14)\n    at Module._compile (internal/modules/cjs/loader.js:1137:30)\n    at Object.Module._extensions..js (internal/modules/cjs/loader.js:1157:10)","stack":"D:\\Code Programmin\\JavaScript\\Node\\QuizApp\\quiz-app-in-nodejs\\models\\Users.js:38\nexport default User;\n^^^^^^\n\nSyntaxError: Unexpected token 'export'\n    at wrapSafe (internal/modules/cjs/loader.js:1053:16)\n    at Module._compile (internal/modules/cjs/loader.js:1101:27)\n    at Object.Module._extensions..js (internal/modules/cjs/loader.js:1157:10)\n    at Module.load (internal/modules/cjs/loader.js:985:32)\n    at Function.Module._load (internal/modules/cjs/loader.js:878:14)\n    at Module.require (internal/modules/cjs/loader.js:1025:19)\n    at require (internal/modules/cjs/helpers.js:72:18)\n    at Object.<anonymous> (D:\\Code Programmin\\JavaScript\\Node\\QuizApp\\quiz-app-in-nodejs\\routes\\users.js:4:14)\n    at Module._compile (internal/modules/cjs/loader.js:1137:30)\n    at Object.Module._extensions..js (internal/modules/cjs/loader.js:1157:10)","exception":true,"date":"Wed Aug 11 2021 20:39:59 GMT+0500 (Pakistan Standard Time)","process":{"pid":10940,"uid":null,"gid":null,"cwd":"D:\\Code Programmin\\JavaScript\\Node\\QuizApp\\quiz-app-in-nodejs","execPath":"C:\\Program Files\\nodejs\\node.exe","version":"v12.18.4","argv":["C:\\Program Files\\nodejs\\node.exe","D:\\Code Programmin\\JavaScript\\Node\\QuizApp\\quiz-app-in-nodejs\\bin\\www"],"memoryUsage":{"rss":38739968,"heapTotal":18071552,"heapUsed":10528584,"external":1436125,"arrayBuffers":97731}},"os":{"loadavg":[0,0,0],"uptime":45258},"trace":[{"column":16,"file":"internal/modules/cjs/loader.js","function":"wrapSafe","line":1053,"method":null,"native":false},{"column":27,"file":"internal/modules/cjs/loader.js","function":"Module._compile","line":1101,"method":"_compile","native":false},{"column":10,"file":"internal/modules/cjs/loader.js","function":"Module._extensions..js","line":1157,"method":".js","native":false},{"column":32,"file":"internal/modules/cjs/loader.js","function":"Module.load","line":985,"method":"load","native":false},{"column":14,"file":"internal/modules/cjs/loader.js","function":"Module._load","line":878,"method":"_load","native":false},{"column":19,"file":"internal/modules/cjs/loader.js","function":"Module.require","line":1025,"method":"require","native":false},{"column":18,"file":"internal/modules/cjs/helpers.js","function":"require","line":72,"method":null,"native":false},{"column":14,"file":"D:\\Code Programmin\\JavaScript\\Node\\QuizApp\\quiz-app-in-nodejs\\routes\\users.js","function":null,"line":4,"method":null,"native":false},{"column":30,"file":"internal/modules/cjs/loader.js","function":"Module._compile","line":1137,"method":"_compile","native":false},{"column":10,"file":"internal/modules/cjs/loader.js","function":"Module._extensions..js","line":1157,"method":".js","native":false}]}
{"error":{},"level":"error","message":"uncaughtException: Unexpected token 'export'\nD:\\Code Programmin\\JavaScript\\Node\\QuizApp\\quiz-app-in-nodejs\\models\\Users.js:38\nexport default User;\n^^^^^^\n\nSyntaxError: Unexpected token 'export'\n    at wrapSafe (internal/modules/cjs/loader.js:1053:16)\n    at Module._compile (internal/modules/cjs/loader.js:1101:27)\n    at Object.Module._extensions..js (internal/modules/cjs/loader.js:1157:10)\n    at Module.load (internal/modules/cjs/loader.js:985:32)\n    at Function.Module._load (internal/modules/cjs/loader.js:878:14)\n    at Module.require (internal/modules/cjs/loader.js:1025:19)\n    at require (internal/modules/cjs/helpers.js:72:18)\n    at Object.<anonymous> (D:\\Code Programmin\\JavaScript\\Node\\QuizApp\\quiz-app-in-nodejs\\routes\\users.js:4:14)\n    at Module._compile (internal/modules/cjs/loader.js:1137:30)\n    at Object.Module._extensions..js (internal/modules/cjs/loader.js:1157:10)","stack":"D:\\Code Programmin\\JavaScript\\Node\\QuizApp\\quiz-app-in-nodejs\\models\\Users.js:38\nexport default User;\n^^^^^^\n\nSyntaxError: Unexpected token 'export'\n    at wrapSafe (internal/modules/cjs/loader.js:1053:16)\n    at Module._compile (internal/modules/cjs/loader.js:1101:27)\n    at Object.Module._extensions..js (internal/modules/cjs/loader.js:1157:10)\n    at Module.load (internal/modules/cjs/loader.js:985:32)\n    at Function.Module._load (internal/modules/cjs/loader.js:878:14)\n    at Module.require (internal/modules/cjs/loader.js:1025:19)\n    at require (internal/modules/cjs/helpers.js:72:18)\n    at Object.<anonymous> (D:\\Code Programmin\\JavaScript\\Node\\QuizApp\\quiz-app-in-nodejs\\routes\\users.js:4:14)\n    at Module._compile (internal/modules/cjs/loader.js:1137:30)\n    at Object.Module._extensions..js (internal/modules/cjs/loader.js:1157:10)","exception":true,"date":"Wed Aug 11 2021 20:40:25 GMT+0500 (Pakistan Standard Time)","process":{"pid":15212,"uid":null,"gid":null,"cwd":"D:\\Code Programmin\\JavaScript\\Node\\QuizApp\\quiz-app-in-nodejs","execPath":"C:\\Program Files\\nodejs\\node.exe","version":"v12.18.4","argv":["C:\\Program Files\\nodejs\\node.exe","D:\\Code Programmin\\JavaScript\\Node\\QuizApp\\quiz-app-in-nodejs\\bin\\www"],"memoryUsage":{"rss":38604800,"heapTotal":17809408,"heapUsed":10397976,"external":1427933,"arrayBuffers":89539}},"os":{"loadavg":[0,0,0],"uptime":45283},"trace":[{"column":16,"file":"internal/modules/cjs/loader.js","function":"wrapSafe","line":1053,"method":null,"native":false},{"column":27,"file":"internal/modules/cjs/loader.js","function":"Module._compile","line":1101,"method":"_compile","native":false},{"column":10,"file":"internal/modules/cjs/loader.js","function":"Module._extensions..js","line":1157,"method":".js","native":false},{"column":32,"file":"internal/modules/cjs/loader.js","function":"Module.load","line":985,"method":"load","native":false},{"column":14,"file":"internal/modules/cjs/loader.js","function":"Module._load","line":878,"method":"_load","native":false},{"column":19,"file":"internal/modules/cjs/loader.js","function":"Module.require","line":1025,"method":"require","native":false},{"column":18,"file":"internal/modules/cjs/helpers.js","function":"require","line":72,"method":null,"native":false},{"column":14,"file":"D:\\Code Programmin\\JavaScript\\Node\\QuizApp\\quiz-app-in-nodejs\\routes\\users.js","function":null,"line":4,"method":null,"native":false},{"column":30,"file":"internal/modules/cjs/loader.js","function":"Module._compile","line":1137,"method":"_compile","native":false},{"column":10,"file":"internal/modules/cjs/loader.js","function":"Module._extensions..js","line":1157,"method":".js","native":false}]}
{"error":{},"level":"error","message":"uncaughtException: Unexpected token 'export'\nD:\\Code Programmin\\JavaScript\\Node\\QuizApp\\quiz-app-in-nodejs\\models\\Users.js:38\nexport default User;\n^^^^^^\n\nSyntaxError: Unexpected token 'export'\n    at wrapSafe (internal/modules/cjs/loader.js:1053:16)\n    at Module._compile (internal/modules/cjs/loader.js:1101:27)\n    at Object.Module._extensions..js (internal/modules/cjs/loader.js:1157:10)\n    at Module.load (internal/modules/cjs/loader.js:985:32)\n    at Function.Module._load (internal/modules/cjs/loader.js:878:14)\n    at Module.require (internal/modules/cjs/loader.js:1025:19)\n    at require (internal/modules/cjs/helpers.js:72:18)\n    at Object.<anonymous> (D:\\Code Programmin\\JavaScript\\Node\\QuizApp\\quiz-app-in-nodejs\\routes\\users.js:4:14)\n    at Module._compile (internal/modules/cjs/loader.js:1137:30)\n    at Object.Module._extensions..js (internal/modules/cjs/loader.js:1157:10)","stack":"D:\\Code Programmin\\JavaScript\\Node\\QuizApp\\quiz-app-in-nodejs\\models\\Users.js:38\nexport default User;\n^^^^^^\n\nSyntaxError: Unexpected token 'export'\n    at wrapSafe (internal/modules/cjs/loader.js:1053:16)\n    at Module._compile (internal/modules/cjs/loader.js:1101:27)\n    at Object.Module._extensions..js (internal/modules/cjs/loader.js:1157:10)\n    at Module.load (internal/modules/cjs/loader.js:985:32)\n    at Function.Module._load (internal/modules/cjs/loader.js:878:14)\n    at Module.require (internal/modules/cjs/loader.js:1025:19)\n    at require (internal/modules/cjs/helpers.js:72:18)\n    at Object.<anonymous> (D:\\Code Programmin\\JavaScript\\Node\\QuizApp\\quiz-app-in-nodejs\\routes\\users.js:4:14)\n    at Module._compile (internal/modules/cjs/loader.js:1137:30)\n    at Object.Module._extensions..js (internal/modules/cjs/loader.js:1157:10)","exception":true,"date":"Wed Aug 11 2021 20:40:57 GMT+0500 (Pakistan Standard Time)","process":{"pid":4000,"uid":null,"gid":null,"cwd":"D:\\Code Programmin\\JavaScript\\Node\\QuizApp\\quiz-app-in-nodejs","execPath":"C:\\Program Files\\nodejs\\node.exe","version":"v12.18.4","argv":["C:\\Program Files\\nodejs\\node.exe","D:\\Code Programmin\\JavaScript\\Node\\QuizApp\\quiz-app-in-nodejs\\bin\\www"],"memoryUsage":{"rss":38494208,"heapTotal":17547264,"heapUsed":10415968,"external":1427933,"arrayBuffers":89539}},"os":{"loadavg":[0,0,0],"uptime":45315},"trace":[{"column":16,"file":"internal/modules/cjs/loader.js","function":"wrapSafe","line":1053,"method":null,"native":false},{"column":27,"file":"internal/modules/cjs/loader.js","function":"Module._compile","line":1101,"method":"_compile","native":false},{"column":10,"file":"internal/modules/cjs/loader.js","function":"Module._extensions..js","line":1157,"method":".js","native":false},{"column":32,"file":"internal/modules/cjs/loader.js","function":"Module.load","line":985,"method":"load","native":false},{"column":14,"file":"internal/modules/cjs/loader.js","function":"Module._load","line":878,"method":"_load","native":false},{"column":19,"file":"internal/modules/cjs/loader.js","function":"Module.require","line":1025,"method":"require","native":false},{"column":18,"file":"internal/modules/cjs/helpers.js","function":"require","line":72,"method":null,"native":false},{"column":14,"file":"D:\\Code Programmin\\JavaScript\\Node\\QuizApp\\quiz-app-in-nodejs\\routes\\users.js","function":null,"line":4,"method":null,"native":false},{"column":30,"file":"internal/modules/cjs/loader.js","function":"Module._compile","line":1137,"method":"_compile","native":false},{"column":10,"file":"internal/modules/cjs/loader.js","function":"Module._extensions..js","line":1157,"method":".js","native":false}]}
{"message":"500 - passwordSalt is not defined - /users/signup - POST - ::1","level":"error"}
{"message":"500 - Users validation failed: passwordHash: Path `passwordHash` is required. - /users/signup - POST - ::1","level":"error"}
{"message":"500 - db already exists with different case already have: [Quiz] trying to create [quiz] - /users/signup - POST - ::1","level":"error"}
{"error":{},"level":"error","message":"uncaughtException: Unexpected identifier\nD:\\Code Programmin\\JavaScript\\Node\\QuizApp\\quiz-app-in-nodejs\\authenticate.js:20\n    if(!await comparePassword(user.passwordHash,user.passwordSalt,password)){\n              ^^^^^^^^^^^^^^^\n\nSyntaxError: Unexpected identifier\n    at wrapSafe (internal/modules/cjs/loader.js:1053:16)\n    at Module._compile (internal/modules/cjs/loader.js:1101:27)\n    at Object.Module._extensions..js (internal/modules/cjs/loader.js:1157:10)\n    at Module.load (internal/modules/cjs/loader.js:985:32)\n    at Function.Module._load (internal/modules/cjs/loader.js:878:14)\n    at Module.require (internal/modules/cjs/loader.js:1025:19)\n    at require (internal/modules/cjs/helpers.js:72:18)\n    at Object.<anonymous> (D:\\Code Programmin\\JavaScript\\Node\\QuizApp\\quiz-app-in-nodejs\\routes\\quizRouter.js:4:20)\n    at Module._compile (internal/modules/cjs/loader.js:1137:30)\n    at Object.Module._extensions..js (internal/modules/cjs/loader.js:1157:10)\n    at Module.load (internal/modules/cjs/loader.js:985:32)\n    at Function.Module._load (internal/modules/cjs/loader.js:878:14)\n    at Module.require (internal/modules/cjs/loader.js:1025:19)\n    at require (internal/modules/cjs/helpers.js:72:18)\n    at Object.<anonymous> (D:\\Code Programmin\\JavaScript\\Node\\QuizApp\\quiz-app-in-nodejs\\app.js:23:20)\n    at Module._compile (internal/modules/cjs/loader.js:1137:30)","stack":"D:\\Code Programmin\\JavaScript\\Node\\QuizApp\\quiz-app-in-nodejs\\authenticate.js:20\n    if(!await comparePassword(user.passwordHash,user.passwordSalt,password)){\n              ^^^^^^^^^^^^^^^\n\nSyntaxError: Unexpected identifier\n    at wrapSafe (internal/modules/cjs/loader.js:1053:16)\n    at Module._compile (internal/modules/cjs/loader.js:1101:27)\n    at Object.Module._extensions..js (internal/modules/cjs/loader.js:1157:10)\n    at Module.load (internal/modules/cjs/loader.js:985:32)\n    at Function.Module._load (internal/modules/cjs/loader.js:878:14)\n    at Module.require (internal/modules/cjs/loader.js:1025:19)\n    at require (internal/modules/cjs/helpers.js:72:18)\n    at Object.<anonymous> (D:\\Code Programmin\\JavaScript\\Node\\QuizApp\\quiz-app-in-nodejs\\routes\\quizRouter.js:4:20)\n    at Module._compile (internal/modules/cjs/loader.js:1137:30)\n    at Object.Module._extensions..js (internal/modules/cjs/loader.js:1157:10)\n    at Module.load (internal/modules/cjs/loader.js:985:32)\n    at Function.Module._load (internal/modules/cjs/loader.js:878:14)\n    at Module.require (internal/modules/cjs/loader.js:1025:19)\n    at require (internal/modules/cjs/helpers.js:72:18)\n    at Object.<anonymous> (D:\\Code Programmin\\JavaScript\\Node\\QuizApp\\quiz-app-in-nodejs\\app.js:23:20)\n    at Module._compile (internal/modules/cjs/loader.js:1137:30)","exception":true,"date":"Thu Aug 12 2021 09:03:29 GMT+0500 (Pakistan Standard Time)","process":{"pid":11224,"uid":null,"gid":null,"cwd":"D:\\Code Programmin\\JavaScript\\Node\\QuizApp\\quiz-app-in-nodejs","execPath":"C:\\Program Files\\nodejs\\node.exe","version":"v12.18.4","argv":["C:\\Program Files\\nodejs\\node.exe","D:\\Code Programmin\\JavaScript\\Node\\QuizApp\\quiz-app-in-nodejs\\bin\\www"],"memoryUsage":{"rss":59621376,"heapTotal":35205120,"heapUsed":18822096,"external":19841520,"arrayBuffers":18353264}},"os":{"loadavg":[0,0,0],"uptime":89868},"trace":[{"column":16,"file":"internal/modules/cjs/loader.js","function":"wrapSafe","line":1053,"method":null,"native":false},{"column":27,"file":"internal/modules/cjs/loader.js","function":"Module._compile","line":1101,"method":"_compile","native":false},{"column":10,"file":"internal/modules/cjs/loader.js","function":"Module._extensions..js","line":1157,"method":".js","native":false},{"column":32,"file":"internal/modules/cjs/loader.js","function":"Module.load","line":985,"method":"load","native":false},{"column":14,"file":"internal/modules/cjs/loader.js","function":"Module._load","line":878,"method":"_load","native":false},{"column":19,"file":"internal/modules/cjs/loader.js","function":"Module.require","line":1025,"method":"require","native":false},{"column":18,"file":"internal/modules/cjs/helpers.js","function":"require","line":72,"method":null,"native":false},{"column":20,"file":"D:\\Code Programmin\\JavaScript\\Node\\QuizApp\\quiz-app-in-nodejs\\routes\\quizRouter.js","function":null,"line":4,"method":null,"native":false},{"column":30,"file":"internal/modules/cjs/loader.js","function":"Module._compile","line":1137,"method":"_compile","native":false},{"column":10,"file":"internal/modules/cjs/loader.js","function":"Module._extensions..js","line":1157,"method":".js","native":false},{"column":32,"file":"internal/modules/cjs/loader.js","function":"Module.load","line":985,"method":"load","native":false},{"column":14,"file":"internal/modules/cjs/loader.js","function":"Module._load","line":878,"method":"_load","native":false},{"column":19,"file":"internal/modules/cjs/loader.js","function":"Module.require","line":1025,"method":"require","native":false},{"column":18,"file":"internal/modules/cjs/helpers.js","function":"require","line":72,"method":null,"native":false},{"column":20,"file":"D:\\Code Programmin\\JavaScript\\Node\\QuizApp\\quiz-app-in-nodejs\\app.js","function":null,"line":23,"method":null,"native":false},{"column":30,"file":"internal/modules/cjs/loader.js","function":"Module._compile","line":1137,"method":"_compile","native":false}]}
{"error":{},"level":"error","message":"uncaughtException: Unexpected identifier\nD:\\Code Programmin\\JavaScript\\Node\\QuizApp\\quiz-app-in-nodejs\\authenticate.js:20\n        !(await comparePassword(user.passwordHash, user.passwordSalt, password))\n                ^^^^^^^^^^^^^^^\n\nSyntaxError: Unexpected identifier\n    at wrapSafe (internal/modules/cjs/loader.js:1053:16)\n    at Module._compile (internal/modules/cjs/loader.js:1101:27)\n    at Object.Module._extensions..js (internal/modules/cjs/loader.js:1157:10)\n    at Module.load (internal/modules/cjs/loader.js:985:32)\n    at Function.Module._load (internal/modules/cjs/loader.js:878:14)\n    at Module.require (internal/modules/cjs/loader.js:1025:19)\n    at require (internal/modules/cjs/helpers.js:72:18)\n    at Object.<anonymous> (D:\\Code Programmin\\JavaScript\\Node\\QuizApp\\quiz-app-in-nodejs\\routes\\quizRouter.js:4:20)\n    at Module._compile (internal/modules/cjs/loader.js:1137:30)\n    at Object.Module._extensions..js (internal/modules/cjs/loader.js:1157:10)\n    at Module.load (internal/modules/cjs/loader.js:985:32)\n    at Function.Module._load (internal/modules/cjs/loader.js:878:14)\n    at Module.require (internal/modules/cjs/loader.js:1025:19)\n    at require (internal/modules/cjs/helpers.js:72:18)\n    at Object.<anonymous> (D:\\Code Programmin\\JavaScript\\Node\\QuizApp\\quiz-app-in-nodejs\\app.js:23:20)\n    at Module._compile (internal/modules/cjs/loader.js:1137:30)","stack":"D:\\Code Programmin\\JavaScript\\Node\\QuizApp\\quiz-app-in-nodejs\\authenticate.js:20\n        !(await comparePassword(user.passwordHash, user.passwordSalt, password))\n                ^^^^^^^^^^^^^^^\n\nSyntaxError: Unexpected identifier\n    at wrapSafe (internal/modules/cjs/loader.js:1053:16)\n    at Module._compile (internal/modules/cjs/loader.js:1101:27)\n    at Object.Module._extensions..js (internal/modules/cjs/loader.js:1157:10)\n    at Module.load (internal/modules/cjs/loader.js:985:32)\n    at Function.Module._load (internal/modules/cjs/loader.js:878:14)\n    at Module.require (internal/modules/cjs/loader.js:1025:19)\n    at require (internal/modules/cjs/helpers.js:72:18)\n    at Object.<anonymous> (D:\\Code Programmin\\JavaScript\\Node\\QuizApp\\quiz-app-in-nodejs\\routes\\quizRouter.js:4:20)\n    at Module._compile (internal/modules/cjs/loader.js:1137:30)\n    at Object.Module._extensions..js (internal/modules/cjs/loader.js:1157:10)\n    at Module.load (internal/modules/cjs/loader.js:985:32)\n    at Function.Module._load (internal/modules/cjs/loader.js:878:14)\n    at Module.require (internal/modules/cjs/loader.js:1025:19)\n    at require (internal/modules/cjs/helpers.js:72:18)\n    at Object.<anonymous> (D:\\Code Programmin\\JavaScript\\Node\\QuizApp\\quiz-app-in-nodejs\\app.js:23:20)\n    at Module._compile (internal/modules/cjs/loader.js:1137:30)","exception":true,"date":"Thu Aug 12 2021 09:06:35 GMT+0500 (Pakistan Standard Time)","process":{"pid":3128,"uid":null,"gid":null,"cwd":"D:\\Code Programmin\\JavaScript\\Node\\QuizApp\\quiz-app-in-nodejs","execPath":"C:\\Program Files\\nodejs\\node.exe","version":"v12.18.4","argv":["C:\\Program Files\\nodejs\\node.exe","D:\\Code Programmin\\JavaScript\\Node\\QuizApp\\quiz-app-in-nodejs\\bin\\www"],"memoryUsage":{"rss":59535360,"heapTotal":34680832,"heapUsed":19759960,"external":19907748,"arrayBuffers":18419175}},"os":{"loadavg":[0,0,0],"uptime":90053},"trace":[{"column":16,"file":"internal/modules/cjs/loader.js","function":"wrapSafe","line":1053,"method":null,"native":false},{"column":27,"file":"internal/modules/cjs/loader.js","function":"Module._compile","line":1101,"method":"_compile","native":false},{"column":10,"file":"internal/modules/cjs/loader.js","function":"Module._extensions..js","line":1157,"method":".js","native":false},{"column":32,"file":"internal/modules/cjs/loader.js","function":"Module.load","line":985,"method":"load","native":false},{"column":14,"file":"internal/modules/cjs/loader.js","function":"Module._load","line":878,"method":"_load","native":false},{"column":19,"file":"internal/modules/cjs/loader.js","function":"Module.require","line":1025,"method":"require","native":false},{"column":18,"file":"internal/modules/cjs/helpers.js","function":"require","line":72,"method":null,"native":false},{"column":20,"file":"D:\\Code Programmin\\JavaScript\\Node\\QuizApp\\quiz-app-in-nodejs\\routes\\quizRouter.js","function":null,"line":4,"method":null,"native":false},{"column":30,"file":"internal/modules/cjs/loader.js","function":"Module._compile","line":1137,"method":"_compile","native":false},{"column":10,"file":"internal/modules/cjs/loader.js","function":"Module._extensions..js","line":1157,"method":".js","native":false},{"column":32,"file":"internal/modules/cjs/loader.js","function":"Module.load","line":985,"method":"load","native":false},{"column":14,"file":"internal/modules/cjs/loader.js","function":"Module._load","line":878,"method":"_load","native":false},{"column":19,"file":"internal/modules/cjs/loader.js","function":"Module.require","line":1025,"method":"require","native":false},{"column":18,"file":"internal/modules/cjs/helpers.js","function":"require","line":72,"method":null,"native":false},{"column":20,"file":"D:\\Code Programmin\\JavaScript\\Node\\QuizApp\\quiz-app-in-nodejs\\app.js","function":null,"line":23,"method":null,"native":false},{"column":30,"file":"internal/modules/cjs/loader.js","function":"Module._compile","line":1137,"method":"_compile","native":false}]}
{"error":{},"level":"error","message":"uncaughtException: Unexpected identifier\nD:\\Code Programmin\\JavaScript\\Node\\QuizApp\\quiz-app-in-nodejs\\authenticate.js:20\n        !(await comparePassword(user.passwordHash, user.passwordSalt, password))\n                ^^^^^^^^^^^^^^^\n\nSyntaxError: Unexpected identifier\n    at wrapSafe (internal/modules/cjs/loader.js:1053:16)\n    at Module._compile (internal/modules/cjs/loader.js:1101:27)\n    at Object.Module._extensions..js (internal/modules/cjs/loader.js:1157:10)\n    at Module.load (internal/modules/cjs/loader.js:985:32)\n    at Function.Module._load (internal/modules/cjs/loader.js:878:14)\n    at Module.require (internal/modules/cjs/loader.js:1025:19)\n    at require (internal/modules/cjs/helpers.js:72:18)\n    at Object.<anonymous> (D:\\Code Programmin\\JavaScript\\Node\\QuizApp\\quiz-app-in-nodejs\\app.js:20:22)\n    at Module._compile (internal/modules/cjs/loader.js:1137:30)\n    at Object.Module._extensions..js (internal/modules/cjs/loader.js:1157:10)","stack":"D:\\Code Programmin\\JavaScript\\Node\\QuizApp\\quiz-app-in-nodejs\\authenticate.js:20\n        !(await comparePassword(user.passwordHash, user.passwordSalt, password))\n                ^^^^^^^^^^^^^^^\n\nSyntaxError: Unexpected identifier\n    at wrapSafe (internal/modules/cjs/loader.js:1053:16)\n    at Module._compile (internal/modules/cjs/loader.js:1101:27)\n    at Object.Module._extensions..js (internal/modules/cjs/loader.js:1157:10)\n    at Module.load (internal/modules/cjs/loader.js:985:32)\n    at Function.Module._load (internal/modules/cjs/loader.js:878:14)\n    at Module.require (internal/modules/cjs/loader.js:1025:19)\n    at require (internal/modules/cjs/helpers.js:72:18)\n    at Object.<anonymous> (D:\\Code Programmin\\JavaScript\\Node\\QuizApp\\quiz-app-in-nodejs\\app.js:20:22)\n    at Module._compile (internal/modules/cjs/loader.js:1137:30)\n    at Object.Module._extensions..js (internal/modules/cjs/loader.js:1157:10)","exception":true,"date":"Thu Aug 12 2021 09:08:38 GMT+0500 (Pakistan Standard Time)","process":{"pid":18040,"uid":null,"gid":null,"cwd":"D:\\Code Programmin\\JavaScript\\Node\\QuizApp\\quiz-app-in-nodejs","execPath":"C:\\Program Files\\nodejs\\node.exe","version":"v12.18.4","argv":["C:\\Program Files\\nodejs\\node.exe","D:\\Code Programmin\\JavaScript\\Node\\QuizApp\\quiz-app-in-nodejs\\bin\\www"],"memoryUsage":{"rss":38973440,"heapTotal":17809408,"heapUsed":11103408,"external":1471420,"arrayBuffers":133026}},"os":{"loadavg":[0,0,0],"uptime":90177},"trace":[{"column":16,"file":"internal/modules/cjs/loader.js","function":"wrapSafe","line":1053,"method":null,"native":false},{"column":27,"file":"internal/modules/cjs/loader.js","function":"Module._compile","line":1101,"method":"_compile","native":false},{"column":10,"file":"internal/modules/cjs/loader.js","function":"Module._extensions..js","line":1157,"method":".js","native":false},{"column":32,"file":"internal/modules/cjs/loader.js","function":"Module.load","line":985,"method":"load","native":false},{"column":14,"file":"internal/modules/cjs/loader.js","function":"Module._load","line":878,"method":"_load","native":false},{"column":19,"file":"internal/modules/cjs/loader.js","function":"Module.require","line":1025,"method":"require","native":false},{"column":18,"file":"internal/modules/cjs/helpers.js","function":"require","line":72,"method":null,"native":false},{"column":22,"file":"D:\\Code Programmin\\JavaScript\\Node\\QuizApp\\quiz-app-in-nodejs\\app.js","function":null,"line":20,"method":null,"native":false},{"column":30,"file":"internal/modules/cjs/loader.js","function":"Module._compile","line":1137,"method":"_compile","native":false},{"column":10,"file":"internal/modules/cjs/loader.js","function":"Module._extensions..js","line":1157,"method":".js","native":false}]}
{"error":{},"level":"error","message":"uncaughtException: Unexpected identifier\nD:\\Code Programmin\\JavaScript\\Node\\QuizApp\\quiz-app-in-nodejs\\authenticate.js:20\n        (await comparePassword(user.passwordHash, user.passwordSalt, password))\n               ^^^^^^^^^^^^^^^\n\nSyntaxError: Unexpected identifier\n    at wrapSafe (internal/modules/cjs/loader.js:1053:16)\n    at Module._compile (internal/modules/cjs/loader.js:1101:27)\n    at Object.Module._extensions..js (internal/modules/cjs/loader.js:1157:10)\n    at Module.load (internal/modules/cjs/loader.js:985:32)\n    at Function.Module._load (internal/modules/cjs/loader.js:878:14)\n    at Module.require (internal/modules/cjs/loader.js:1025:19)\n    at require (internal/modules/cjs/helpers.js:72:18)\n    at Object.<anonymous> (D:\\Code Programmin\\JavaScript\\Node\\QuizApp\\quiz-app-in-nodejs\\app.js:20:22)\n    at Module._compile (internal/modules/cjs/loader.js:1137:30)\n    at Object.Module._extensions..js (internal/modules/cjs/loader.js:1157:10)","stack":"D:\\Code Programmin\\JavaScript\\Node\\QuizApp\\quiz-app-in-nodejs\\authenticate.js:20\n        (await comparePassword(user.passwordHash, user.passwordSalt, password))\n               ^^^^^^^^^^^^^^^\n\nSyntaxError: Unexpected identifier\n    at wrapSafe (internal/modules/cjs/loader.js:1053:16)\n    at Module._compile (internal/modules/cjs/loader.js:1101:27)\n    at Object.Module._extensions..js (internal/modules/cjs/loader.js:1157:10)\n    at Module.load (internal/modules/cjs/loader.js:985:32)\n    at Function.Module._load (internal/modules/cjs/loader.js:878:14)\n    at Module.require (internal/modules/cjs/loader.js:1025:19)\n    at require (internal/modules/cjs/helpers.js:72:18)\n    at Object.<anonymous> (D:\\Code Programmin\\JavaScript\\Node\\QuizApp\\quiz-app-in-nodejs\\app.js:20:22)\n    at Module._compile (internal/modules/cjs/loader.js:1137:30)\n    at Object.Module._extensions..js (internal/modules/cjs/loader.js:1157:10)","exception":true,"date":"Thu Aug 12 2021 09:09:50 GMT+0500 (Pakistan Standard Time)","process":{"pid":12828,"uid":null,"gid":null,"cwd":"D:\\Code Programmin\\JavaScript\\Node\\QuizApp\\quiz-app-in-nodejs","execPath":"C:\\Program Files\\nodejs\\node.exe","version":"v12.18.4","argv":["C:\\Program Files\\nodejs\\node.exe","D:\\Code Programmin\\JavaScript\\Node\\QuizApp\\quiz-app-in-nodejs\\bin\\www"],"memoryUsage":{"rss":38957056,"heapTotal":17809408,"heapUsed":10860672,"external":1463228,"arrayBuffers":124834}},"os":{"loadavg":[0,0,0],"uptime":90248},"trace":[{"column":16,"file":"internal/modules/cjs/loader.js","function":"wrapSafe","line":1053,"method":null,"native":false},{"column":27,"file":"internal/modules/cjs/loader.js","function":"Module._compile","line":1101,"method":"_compile","native":false},{"column":10,"file":"internal/modules/cjs/loader.js","function":"Module._extensions..js","line":1157,"method":".js","native":false},{"column":32,"file":"internal/modules/cjs/loader.js","function":"Module.load","line":985,"method":"load","native":false},{"column":14,"file":"internal/modules/cjs/loader.js","function":"Module._load","line":878,"method":"_load","native":false},{"column":19,"file":"internal/modules/cjs/loader.js","function":"Module.require","line":1025,"method":"require","native":false},{"column":18,"file":"internal/modules/cjs/helpers.js","function":"require","line":72,"method":null,"native":false},{"column":22,"file":"D:\\Code Programmin\\JavaScript\\Node\\QuizApp\\quiz-app-in-nodejs\\app.js","function":null,"line":20,"method":null,"native":false},{"column":30,"file":"internal/modules/cjs/loader.js","function":"Module._compile","line":1137,"method":"_compile","native":false},{"column":10,"file":"internal/modules/cjs/loader.js","function":"Module._extensions..js","line":1157,"method":".js","native":false}]}
{"error":{},"level":"error","message":"uncaughtException: Unexpected identifier\nD:\\Code Programmin\\JavaScript\\Node\\QuizApp\\quiz-app-in-nodejs\\authenticate.js:19\n      if (await comparePassword(user.passwordHash, user.passwordSalt, password)\n                ^^^^^^^^^^^^^^^\n\nSyntaxError: Unexpected identifier\n    at wrapSafe (internal/modules/cjs/loader.js:1053:16)\n    at Module._compile (internal/modules/cjs/loader.js:1101:27)\n    at Object.Module._extensions..js (internal/modules/cjs/loader.js:1157:10)\n    at Module.load (internal/modules/cjs/loader.js:985:32)\n    at Function.Module._load (internal/modules/cjs/loader.js:878:14)\n    at Module.require (internal/modules/cjs/loader.js:1025:19)\n    at require (internal/modules/cjs/helpers.js:72:18)\n    at Object.<anonymous> (D:\\Code Programmin\\JavaScript\\Node\\QuizApp\\quiz-app-in-nodejs\\app.js:20:22)\n    at Module._compile (internal/modules/cjs/loader.js:1137:30)\n    at Object.Module._extensions..js (internal/modules/cjs/loader.js:1157:10)","stack":"D:\\Code Programmin\\JavaScript\\Node\\QuizApp\\quiz-app-in-nodejs\\authenticate.js:19\n      if (await comparePassword(user.passwordHash, user.passwordSalt, password)\n                ^^^^^^^^^^^^^^^\n\nSyntaxError: Unexpected identifier\n    at wrapSafe (internal/modules/cjs/loader.js:1053:16)\n    at Module._compile (internal/modules/cjs/loader.js:1101:27)\n    at Object.Module._extensions..js (internal/modules/cjs/loader.js:1157:10)\n    at Module.load (internal/modules/cjs/loader.js:985:32)\n    at Function.Module._load (internal/modules/cjs/loader.js:878:14)\n    at Module.require (internal/modules/cjs/loader.js:1025:19)\n    at require (internal/modules/cjs/helpers.js:72:18)\n    at Object.<anonymous> (D:\\Code Programmin\\JavaScript\\Node\\QuizApp\\quiz-app-in-nodejs\\app.js:20:22)\n    at Module._compile (internal/modules/cjs/loader.js:1137:30)\n    at Object.Module._extensions..js (internal/modules/cjs/loader.js:1157:10)","exception":true,"date":"Thu Aug 12 2021 09:13:56 GMT+0500 (Pakistan Standard Time)","process":{"pid":14368,"uid":null,"gid":null,"cwd":"D:\\Code Programmin\\JavaScript\\Node\\QuizApp\\quiz-app-in-nodejs","execPath":"C:\\Program Files\\nodejs\\node.exe","version":"v12.18.4","argv":["C:\\Program Files\\nodejs\\node.exe","D:\\Code Programmin\\JavaScript\\Node\\QuizApp\\quiz-app-in-nodejs\\bin\\www"],"memoryUsage":{"rss":39206912,"heapTotal":17809408,"heapUsed":10993336,"external":1471420,"arrayBuffers":133026}},"os":{"loadavg":[0,0,0],"uptime":90494},"trace":[{"column":16,"file":"internal/modules/cjs/loader.js","function":"wrapSafe","line":1053,"method":null,"native":false},{"column":27,"file":"internal/modules/cjs/loader.js","function":"Module._compile","line":1101,"method":"_compile","native":false},{"column":10,"file":"internal/modules/cjs/loader.js","function":"Module._extensions..js","line":1157,"method":".js","native":false},{"column":32,"file":"internal/modules/cjs/loader.js","function":"Module.load","line":985,"method":"load","native":false},{"column":14,"file":"internal/modules/cjs/loader.js","function":"Module._load","line":878,"method":"_load","native":false},{"column":19,"file":"internal/modules/cjs/loader.js","function":"Module.require","line":1025,"method":"require","native":false},{"column":18,"file":"internal/modules/cjs/helpers.js","function":"require","line":72,"method":null,"native":false},{"column":22,"file":"D:\\Code Programmin\\JavaScript\\Node\\QuizApp\\quiz-app-in-nodejs\\app.js","function":null,"line":20,"method":null,"native":false},{"column":30,"file":"internal/modules/cjs/loader.js","function":"Module._compile","line":1137,"method":"_compile","native":false},{"column":10,"file":"internal/modules/cjs/loader.js","function":"Module._extensions..js","line":1157,"method":".js","native":false}]}
{"error":{},"level":"error","message":"uncaughtException: Unexpected identifier\nD:\\Code Programmin\\JavaScript\\Node\\QuizApp\\quiz-app-in-nodejs\\authenticate.js:19\n      if (await comparePassword(user.passwordHash, user.passwordSalt, password)\n                ^^^^^^^^^^^^^^^\n\nSyntaxError: Unexpected identifier\n    at wrapSafe (internal/modules/cjs/loader.js:1053:16)\n    at Module._compile (internal/modules/cjs/loader.js:1101:27)\n    at Object.Module._extensions..js (internal/modules/cjs/loader.js:1157:10)\n    at Module.load (internal/modules/cjs/loader.js:985:32)\n    at Function.Module._load (internal/modules/cjs/loader.js:878:14)\n    at Module.require (internal/modules/cjs/loader.js:1025:19)\n    at require (internal/modules/cjs/helpers.js:72:18)\n    at Object.<anonymous> (D:\\Code Programmin\\JavaScript\\Node\\QuizApp\\quiz-app-in-nodejs\\app.js:20:22)\n    at Module._compile (internal/modules/cjs/loader.js:1137:30)\n    at Object.Module._extensions..js (internal/modules/cjs/loader.js:1157:10)","stack":"D:\\Code Programmin\\JavaScript\\Node\\QuizApp\\quiz-app-in-nodejs\\authenticate.js:19\n      if (await comparePassword(user.passwordHash, user.passwordSalt, password)\n                ^^^^^^^^^^^^^^^\n\nSyntaxError: Unexpected identifier\n    at wrapSafe (internal/modules/cjs/loader.js:1053:16)\n    at Module._compile (internal/modules/cjs/loader.js:1101:27)\n    at Object.Module._extensions..js (internal/modules/cjs/loader.js:1157:10)\n    at Module.load (internal/modules/cjs/loader.js:985:32)\n    at Function.Module._load (internal/modules/cjs/loader.js:878:14)\n    at Module.require (internal/modules/cjs/loader.js:1025:19)\n    at require (internal/modules/cjs/helpers.js:72:18)\n    at Object.<anonymous> (D:\\Code Programmin\\JavaScript\\Node\\QuizApp\\quiz-app-in-nodejs\\app.js:20:22)\n    at Module._compile (internal/modules/cjs/loader.js:1137:30)\n    at Object.Module._extensions..js (internal/modules/cjs/loader.js:1157:10)","exception":true,"date":"Thu Aug 12 2021 09:14:11 GMT+0500 (Pakistan Standard Time)","process":{"pid":4488,"uid":null,"gid":null,"cwd":"D:\\Code Programmin\\JavaScript\\Node\\QuizApp\\quiz-app-in-nodejs","execPath":"C:\\Program Files\\nodejs\\node.exe","version":"v12.18.4","argv":["C:\\Program Files\\nodejs\\node.exe","D:\\Code Programmin\\JavaScript\\Node\\QuizApp\\quiz-app-in-nodejs\\bin\\www"],"memoryUsage":{"rss":38739968,"heapTotal":17547264,"heapUsed":11004984,"external":1463228,"arrayBuffers":124834}},"os":{"loadavg":[0,0,0],"uptime":90509},"trace":[{"column":16,"file":"internal/modules/cjs/loader.js","function":"wrapSafe","line":1053,"method":null,"native":false},{"column":27,"file":"internal/modules/cjs/loader.js","function":"Module._compile","line":1101,"method":"_compile","native":false},{"column":10,"file":"internal/modules/cjs/loader.js","function":"Module._extensions..js","line":1157,"method":".js","native":false},{"column":32,"file":"internal/modules/cjs/loader.js","function":"Module.load","line":985,"method":"load","native":false},{"column":14,"file":"internal/modules/cjs/loader.js","function":"Module._load","line":878,"method":"_load","native":false},{"column":19,"file":"internal/modules/cjs/loader.js","function":"Module.require","line":1025,"method":"require","native":false},{"column":18,"file":"internal/modules/cjs/helpers.js","function":"require","line":72,"method":null,"native":false},{"column":22,"file":"D:\\Code Programmin\\JavaScript\\Node\\QuizApp\\quiz-app-in-nodejs\\app.js","function":null,"line":20,"method":null,"native":false},{"column":30,"file":"internal/modules/cjs/loader.js","function":"Module._compile","line":1137,"method":"_compile","native":false},{"column":10,"file":"internal/modules/cjs/loader.js","function":"Module._extensions..js","line":1157,"method":".js","native":false}]}
{"error":{},"level":"error","message":"uncaughtException: Unexpected identifier\nD:\\Code Programmin\\JavaScript\\Node\\QuizApp\\quiz-app-in-nodejs\\authenticate.js:21\n      if (!await comparePassword(user.passwordHash, user.passwordSalt, password)) {\n                 ^^^^^^^^^^^^^^^\n\nSyntaxError: Unexpected identifier\n    at wrapSafe (internal/modules/cjs/loader.js:1053:16)\n    at Module._compile (internal/modules/cjs/loader.js:1101:27)\n    at Object.Module._extensions..js (internal/modules/cjs/loader.js:1157:10)\n    at Module.load (internal/modules/cjs/loader.js:985:32)\n    at Function.Module._load (internal/modules/cjs/loader.js:878:14)\n    at Module.require (internal/modules/cjs/loader.js:1025:19)\n    at require (internal/modules/cjs/helpers.js:72:18)\n    at Object.<anonymous> (D:\\Code Programmin\\JavaScript\\Node\\QuizApp\\quiz-app-in-nodejs\\app.js:20:22)\n    at Module._compile (internal/modules/cjs/loader.js:1137:30)\n    at Object.Module._extensions..js (internal/modules/cjs/loader.js:1157:10)","stack":"D:\\Code Programmin\\JavaScript\\Node\\QuizApp\\quiz-app-in-nodejs\\authenticate.js:21\n      if (!await comparePassword(user.passwordHash, user.passwordSalt, password)) {\n                 ^^^^^^^^^^^^^^^\n\nSyntaxError: Unexpected identifier\n    at wrapSafe (internal/modules/cjs/loader.js:1053:16)\n    at Module._compile (internal/modules/cjs/loader.js:1101:27)\n    at Object.Module._extensions..js (internal/modules/cjs/loader.js:1157:10)\n    at Module.load (internal/modules/cjs/loader.js:985:32)\n    at Function.Module._load (internal/modules/cjs/loader.js:878:14)\n    at Module.require (internal/modules/cjs/loader.js:1025:19)\n    at require (internal/modules/cjs/helpers.js:72:18)\n    at Object.<anonymous> (D:\\Code Programmin\\JavaScript\\Node\\QuizApp\\quiz-app-in-nodejs\\app.js:20:22)\n    at Module._compile (internal/modules/cjs/loader.js:1137:30)\n    at Object.Module._extensions..js (internal/modules/cjs/loader.js:1157:10)","exception":true,"date":"Thu Aug 12 2021 09:36:08 GMT+0500 (Pakistan Standard Time)","process":{"pid":8740,"uid":null,"gid":null,"cwd":"D:\\Code Programmin\\JavaScript\\Node\\QuizApp\\quiz-app-in-nodejs","execPath":"C:\\Program Files\\nodejs\\node.exe","version":"v12.18.4","argv":["C:\\Program Files\\nodejs\\node.exe","D:\\Code Programmin\\JavaScript\\Node\\QuizApp\\quiz-app-in-nodejs\\bin\\www"],"memoryUsage":{"rss":38969344,"heapTotal":17809408,"heapUsed":10836216,"external":1463228,"arrayBuffers":124834}},"os":{"loadavg":[0,0,0],"uptime":91826},"trace":[{"column":16,"file":"internal/modules/cjs/loader.js","function":"wrapSafe","line":1053,"method":null,"native":false},{"column":27,"file":"internal/modules/cjs/loader.js","function":"Module._compile","line":1101,"method":"_compile","native":false},{"column":10,"file":"internal/modules/cjs/loader.js","function":"Module._extensions..js","line":1157,"method":".js","native":false},{"column":32,"file":"internal/modules/cjs/loader.js","function":"Module.load","line":985,"method":"load","native":false},{"column":14,"file":"internal/modules/cjs/loader.js","function":"Module._load","line":878,"method":"_load","native":false},{"column":19,"file":"internal/modules/cjs/loader.js","function":"Module.require","line":1025,"method":"require","native":false},{"column":18,"file":"internal/modules/cjs/helpers.js","function":"require","line":72,"method":null,"native":false},{"column":22,"file":"D:\\Code Programmin\\JavaScript\\Node\\QuizApp\\quiz-app-in-nodejs\\app.js","function":null,"line":20,"method":null,"native":false},{"column":30,"file":"internal/modules/cjs/loader.js","function":"Module._compile","line":1137,"method":"_compile","native":false},{"column":10,"file":"internal/modules/cjs/loader.js","function":"Module._extensions..js","line":1157,"method":".js","native":false}]}
{"error":{},"level":"error","message":"uncaughtException: Unexpected identifier\nD:\\Code Programmin\\JavaScript\\Node\\QuizApp\\quiz-app-in-nodejs\\authenticate.js:21\n      if (await comparePassword(user.passwordHash, user.passwordSalt, password)) {\n                ^^^^^^^^^^^^^^^\n\nSyntaxError: Unexpected identifier\n    at wrapSafe (internal/modules/cjs/loader.js:1053:16)\n    at Module._compile (internal/modules/cjs/loader.js:1101:27)\n    at Object.Module._extensions..js (internal/modules/cjs/loader.js:1157:10)\n    at Module.load (internal/modules/cjs/loader.js:985:32)\n    at Function.Module._load (internal/modules/cjs/loader.js:878:14)\n    at Module.require (internal/modules/cjs/loader.js:1025:19)\n    at require (internal/modules/cjs/helpers.js:72:18)\n    at Object.<anonymous> (D:\\Code Programmin\\JavaScript\\Node\\QuizApp\\quiz-app-in-nodejs\\app.js:20:22)\n    at Module._compile (internal/modules/cjs/loader.js:1137:30)\n    at Object.Module._extensions..js (internal/modules/cjs/loader.js:1157:10)","stack":"D:\\Code Programmin\\JavaScript\\Node\\QuizApp\\quiz-app-in-nodejs\\authenticate.js:21\n      if (await comparePassword(user.passwordHash, user.passwordSalt, password)) {\n                ^^^^^^^^^^^^^^^\n\nSyntaxError: Unexpected identifier\n    at wrapSafe (internal/modules/cjs/loader.js:1053:16)\n    at Module._compile (internal/modules/cjs/loader.js:1101:27)\n    at Object.Module._extensions..js (internal/modules/cjs/loader.js:1157:10)\n    at Module.load (internal/modules/cjs/loader.js:985:32)\n    at Function.Module._load (internal/modules/cjs/loader.js:878:14)\n    at Module.require (internal/modules/cjs/loader.js:1025:19)\n    at require (internal/modules/cjs/helpers.js:72:18)\n    at Object.<anonymous> (D:\\Code Programmin\\JavaScript\\Node\\QuizApp\\quiz-app-in-nodejs\\app.js:20:22)\n    at Module._compile (internal/modules/cjs/loader.js:1137:30)\n    at Object.Module._extensions..js (internal/modules/cjs/loader.js:1157:10)","exception":true,"date":"Thu Aug 12 2021 09:36:16 GMT+0500 (Pakistan Standard Time)","process":{"pid":19084,"uid":null,"gid":null,"cwd":"D:\\Code Programmin\\JavaScript\\Node\\QuizApp\\quiz-app-in-nodejs","execPath":"C:\\Program Files\\nodejs\\node.exe","version":"v12.18.4","argv":["C:\\Program Files\\nodejs\\node.exe","D:\\Code Programmin\\JavaScript\\Node\\QuizApp\\quiz-app-in-nodejs\\bin\\www"],"memoryUsage":{"rss":38993920,"heapTotal":17809408,"heapUsed":11068904,"external":1471420,"arrayBuffers":133026}},"os":{"loadavg":[0,0,0],"uptime":91835},"trace":[{"column":16,"file":"internal/modules/cjs/loader.js","function":"wrapSafe","line":1053,"method":null,"native":false},{"column":27,"file":"internal/modules/cjs/loader.js","function":"Module._compile","line":1101,"method":"_compile","native":false},{"column":10,"file":"internal/modules/cjs/loader.js","function":"Module._extensions..js","line":1157,"method":".js","native":false},{"column":32,"file":"internal/modules/cjs/loader.js","function":"Module.load","line":985,"method":"load","native":false},{"column":14,"file":"internal/modules/cjs/loader.js","function":"Module._load","line":878,"method":"_load","native":false},{"column":19,"file":"internal/modules/cjs/loader.js","function":"Module.require","line":1025,"method":"require","native":false},{"column":18,"file":"internal/modules/cjs/helpers.js","function":"require","line":72,"method":null,"native":false},{"column":22,"file":"D:\\Code Programmin\\JavaScript\\Node\\QuizApp\\quiz-app-in-nodejs\\app.js","function":null,"line":20,"method":null,"native":false},{"column":30,"file":"internal/modules/cjs/loader.js","function":"Module._compile","line":1137,"method":"_compile","native":false},{"column":10,"file":"internal/modules/cjs/loader.js","function":"Module._extensions..js","line":1157,"method":".js","native":false}]}
{"error":{},"level":"error","message":"uncaughtException: Unexpected identifier\nD:\\Code Programmin\\JavaScript\\Node\\QuizApp\\quiz-app-in-nodejs\\authenticate.js:21\n      if (await comparePassword(user.passwordHash, user.passwordSalt, password)) {\n                ^^^^^^^^^^^^^^^\n\nSyntaxError: Unexpected identifier\n    at wrapSafe (internal/modules/cjs/loader.js:1053:16)\n    at Module._compile (internal/modules/cjs/loader.js:1101:27)\n    at Object.Module._extensions..js (internal/modules/cjs/loader.js:1157:10)\n    at Module.load (internal/modules/cjs/loader.js:985:32)\n    at Function.Module._load (internal/modules/cjs/loader.js:878:14)\n    at Module.require (internal/modules/cjs/loader.js:1025:19)\n    at require (internal/modules/cjs/helpers.js:72:18)\n    at Object.<anonymous> (D:\\Code Programmin\\JavaScript\\Node\\QuizApp\\quiz-app-in-nodejs\\app.js:20:22)\n    at Module._compile (internal/modules/cjs/loader.js:1137:30)\n    at Object.Module._extensions..js (internal/modules/cjs/loader.js:1157:10)","stack":"D:\\Code Programmin\\JavaScript\\Node\\QuizApp\\quiz-app-in-nodejs\\authenticate.js:21\n      if (await comparePassword(user.passwordHash, user.passwordSalt, password)) {\n                ^^^^^^^^^^^^^^^\n\nSyntaxError: Unexpected identifier\n    at wrapSafe (internal/modules/cjs/loader.js:1053:16)\n    at Module._compile (internal/modules/cjs/loader.js:1101:27)\n    at Object.Module._extensions..js (internal/modules/cjs/loader.js:1157:10)\n    at Module.load (internal/modules/cjs/loader.js:985:32)\n    at Function.Module._load (internal/modules/cjs/loader.js:878:14)\n    at Module.require (internal/modules/cjs/loader.js:1025:19)\n    at require (internal/modules/cjs/helpers.js:72:18)\n    at Object.<anonymous> (D:\\Code Programmin\\JavaScript\\Node\\QuizApp\\quiz-app-in-nodejs\\app.js:20:22)\n    at Module._compile (internal/modules/cjs/loader.js:1137:30)\n    at Object.Module._extensions..js (internal/modules/cjs/loader.js:1157:10)","exception":true,"date":"Thu Aug 12 2021 09:36:34 GMT+0500 (Pakistan Standard Time)","process":{"pid":16604,"uid":null,"gid":null,"cwd":"D:\\Code Programmin\\JavaScript\\Node\\QuizApp\\quiz-app-in-nodejs","execPath":"C:\\Program Files\\nodejs\\node.exe","version":"v12.18.4","argv":["C:\\Program Files\\nodejs\\node.exe","D:\\Code Programmin\\JavaScript\\Node\\QuizApp\\quiz-app-in-nodejs\\bin\\www"],"memoryUsage":{"rss":38686720,"heapTotal":17809408,"heapUsed":11066112,"external":1471420,"arrayBuffers":133026}},"os":{"loadavg":[0,0,0],"uptime":91852},"trace":[{"column":16,"file":"internal/modules/cjs/loader.js","function":"wrapSafe","line":1053,"method":null,"native":false},{"column":27,"file":"internal/modules/cjs/loader.js","function":"Module._compile","line":1101,"method":"_compile","native":false},{"column":10,"file":"internal/modules/cjs/loader.js","function":"Module._extensions..js","line":1157,"method":".js","native":false},{"column":32,"file":"internal/modules/cjs/loader.js","function":"Module.load","line":985,"method":"load","native":false},{"column":14,"file":"internal/modules/cjs/loader.js","function":"Module._load","line":878,"method":"_load","native":false},{"column":19,"file":"internal/modules/cjs/loader.js","function":"Module.require","line":1025,"method":"require","native":false},{"column":18,"file":"internal/modules/cjs/helpers.js","function":"require","line":72,"method":null,"native":false},{"column":22,"file":"D:\\Code Programmin\\JavaScript\\Node\\QuizApp\\quiz-app-in-nodejs\\app.js","function":null,"line":20,"method":null,"native":false},{"column":30,"file":"internal/modules/cjs/loader.js","function":"Module._compile","line":1137,"method":"_compile","native":false},{"column":10,"file":"internal/modules/cjs/loader.js","function":"Module._extensions..js","line":1157,"method":".js","native":false}]}
{"error":{},"level":"error","message":"uncaughtException: Unexpected token '!'\nD:\\Code Programmin\\JavaScript\\Node\\QuizApp\\quiz-app-in-nodejs\\authenticate.js:21\n      if (await !comparePassword(user.passwordHash, user.passwordSalt, password)) {\n                ^\n\nSyntaxError: Unexpected token '!'\n    at wrapSafe (internal/modules/cjs/loader.js:1053:16)\n    at Module._compile (internal/modules/cjs/loader.js:1101:27)\n    at Object.Module._extensions..js (internal/modules/cjs/loader.js:1157:10)\n    at Module.load (internal/modules/cjs/loader.js:985:32)\n    at Function.Module._load (internal/modules/cjs/loader.js:878:14)\n    at Module.require (internal/modules/cjs/loader.js:1025:19)\n    at require (internal/modules/cjs/helpers.js:72:18)\n    at Object.<anonymous> (D:\\Code Programmin\\JavaScript\\Node\\QuizApp\\quiz-app-in-nodejs\\app.js:20:22)\n    at Module._compile (internal/modules/cjs/loader.js:1137:30)\n    at Object.Module._extensions..js (internal/modules/cjs/loader.js:1157:10)","stack":"D:\\Code Programmin\\JavaScript\\Node\\QuizApp\\quiz-app-in-nodejs\\authenticate.js:21\n      if (await !comparePassword(user.passwordHash, user.passwordSalt, password)) {\n                ^\n\nSyntaxError: Unexpected token '!'\n    at wrapSafe (internal/modules/cjs/loader.js:1053:16)\n    at Module._compile (internal/modules/cjs/loader.js:1101:27)\n    at Object.Module._extensions..js (internal/modules/cjs/loader.js:1157:10)\n    at Module.load (internal/modules/cjs/loader.js:985:32)\n    at Function.Module._load (internal/modules/cjs/loader.js:878:14)\n    at Module.require (internal/modules/cjs/loader.js:1025:19)\n    at require (internal/modules/cjs/helpers.js:72:18)\n    at Object.<anonymous> (D:\\Code Programmin\\JavaScript\\Node\\QuizApp\\quiz-app-in-nodejs\\app.js:20:22)\n    at Module._compile (internal/modules/cjs/loader.js:1137:30)\n    at Object.Module._extensions..js (internal/modules/cjs/loader.js:1157:10)","exception":true,"date":"Thu Aug 12 2021 09:37:20 GMT+0500 (Pakistan Standard Time)","process":{"pid":60,"uid":null,"gid":null,"cwd":"D:\\Code Programmin\\JavaScript\\Node\\QuizApp\\quiz-app-in-nodejs","execPath":"C:\\Program Files\\nodejs\\node.exe","version":"v12.18.4","argv":["C:\\Program Files\\nodejs\\node.exe","D:\\Code Programmin\\JavaScript\\Node\\QuizApp\\quiz-app-in-nodejs\\bin\\www"],"memoryUsage":{"rss":38977536,"heapTotal":18071552,"heapUsed":10891944,"external":1463228,"arrayBuffers":124834}},"os":{"loadavg":[0,0,0],"uptime":91898},"trace":[{"column":16,"file":"internal/modules/cjs/loader.js","function":"wrapSafe","line":1053,"method":null,"native":false},{"column":27,"file":"internal/modules/cjs/loader.js","function":"Module._compile","line":1101,"method":"_compile","native":false},{"column":10,"file":"internal/modules/cjs/loader.js","function":"Module._extensions..js","line":1157,"method":".js","native":false},{"column":32,"file":"internal/modules/cjs/loader.js","function":"Module.load","line":985,"method":"load","native":false},{"column":14,"file":"internal/modules/cjs/loader.js","function":"Module._load","line":878,"method":"_load","native":false},{"column":19,"file":"internal/modules/cjs/loader.js","function":"Module.require","line":1025,"method":"require","native":false},{"column":18,"file":"internal/modules/cjs/helpers.js","function":"require","line":72,"method":null,"native":false},{"column":22,"file":"D:\\Code Programmin\\JavaScript\\Node\\QuizApp\\quiz-app-in-nodejs\\app.js","function":null,"line":20,"method":null,"native":false},{"column":30,"file":"internal/modules/cjs/loader.js","function":"Module._compile","line":1137,"method":"_compile","native":false},{"column":10,"file":"internal/modules/cjs/loader.js","function":"Module._extensions..js","line":1157,"method":".js","native":false}]}
{"error":{},"level":"error","message":"uncaughtException: await is only valid in async function\nD:\\Code Programmin\\JavaScript\\Node\\QuizApp\\quiz-app-in-nodejs\\authenticate.js:20\n      const verifyPassword = await comparePassword(user.passwordHash, user.passwordSalt, password); \n                             ^^^^^\n\nSyntaxError: await is only valid in async function\n    at wrapSafe (internal/modules/cjs/loader.js:1053:16)\n    at Module._compile (internal/modules/cjs/loader.js:1101:27)\n    at Object.Module._extensions..js (internal/modules/cjs/loader.js:1157:10)\n    at Module.load (internal/modules/cjs/loader.js:985:32)\n    at Function.Module._load (internal/modules/cjs/loader.js:878:14)\n    at Module.require (internal/modules/cjs/loader.js:1025:19)\n    at require (internal/modules/cjs/helpers.js:72:18)\n    at Object.<anonymous> (D:\\Code Programmin\\JavaScript\\Node\\QuizApp\\quiz-app-in-nodejs\\app.js:20:22)\n    at Module._compile (internal/modules/cjs/loader.js:1137:30)\n    at Object.Module._extensions..js (internal/modules/cjs/loader.js:1157:10)","stack":"D:\\Code Programmin\\JavaScript\\Node\\QuizApp\\quiz-app-in-nodejs\\authenticate.js:20\n      const verifyPassword = await comparePassword(user.passwordHash, user.passwordSalt, password); \n                             ^^^^^\n\nSyntaxError: await is only valid in async function\n    at wrapSafe (internal/modules/cjs/loader.js:1053:16)\n    at Module._compile (internal/modules/cjs/loader.js:1101:27)\n    at Object.Module._extensions..js (internal/modules/cjs/loader.js:1157:10)\n    at Module.load (internal/modules/cjs/loader.js:985:32)\n    at Function.Module._load (internal/modules/cjs/loader.js:878:14)\n    at Module.require (internal/modules/cjs/loader.js:1025:19)\n    at require (internal/modules/cjs/helpers.js:72:18)\n    at Object.<anonymous> (D:\\Code Programmin\\JavaScript\\Node\\QuizApp\\quiz-app-in-nodejs\\app.js:20:22)\n    at Module._compile (internal/modules/cjs/loader.js:1137:30)\n    at Object.Module._extensions..js (internal/modules/cjs/loader.js:1157:10)","exception":true,"date":"Thu Aug 12 2021 09:38:08 GMT+0500 (Pakistan Standard Time)","process":{"pid":19308,"uid":null,"gid":null,"cwd":"D:\\Code Programmin\\JavaScript\\Node\\QuizApp\\quiz-app-in-nodejs","execPath":"C:\\Program Files\\nodejs\\node.exe","version":"v12.18.4","argv":["C:\\Program Files\\nodejs\\node.exe","D:\\Code Programmin\\JavaScript\\Node\\QuizApp\\quiz-app-in-nodejs\\bin\\www"],"memoryUsage":{"rss":38957056,"heapTotal":17809408,"heapUsed":10912568,"external":1463228,"arrayBuffers":124834}},"os":{"loadavg":[0,0,0],"uptime":91946},"trace":[{"column":16,"file":"internal/modules/cjs/loader.js","function":"wrapSafe","line":1053,"method":null,"native":false},{"column":27,"file":"internal/modules/cjs/loader.js","function":"Module._compile","line":1101,"method":"_compile","native":false},{"column":10,"file":"internal/modules/cjs/loader.js","function":"Module._extensions..js","line":1157,"method":".js","native":false},{"column":32,"file":"internal/modules/cjs/loader.js","function":"Module.load","line":985,"method":"load","native":false},{"column":14,"file":"internal/modules/cjs/loader.js","function":"Module._load","line":878,"method":"_load","native":false},{"column":19,"file":"internal/modules/cjs/loader.js","function":"Module.require","line":1025,"method":"require","native":false},{"column":18,"file":"internal/modules/cjs/helpers.js","function":"require","line":72,"method":null,"native":false},{"column":22,"file":"D:\\Code Programmin\\JavaScript\\Node\\QuizApp\\quiz-app-in-nodejs\\app.js","function":null,"line":20,"method":null,"native":false},{"column":30,"file":"internal/modules/cjs/loader.js","function":"Module._compile","line":1137,"method":"_compile","native":false},{"column":10,"file":"internal/modules/cjs/loader.js","function":"Module._extensions..js","line":1157,"method":".js","native":false}]}
{"error":{},"level":"error","message":"uncaughtException: await is only valid in async function\nD:\\Code Programmin\\JavaScript\\Node\\QuizApp\\quiz-app-in-nodejs\\authenticate.js:20\n      const verifyPassword = await comparePassword(user.passwordHash, user.passwordSalt, password); \n                             ^^^^^\n\nSyntaxError: await is only valid in async function\n    at wrapSafe (internal/modules/cjs/loader.js:1053:16)\n    at Module._compile (internal/modules/cjs/loader.js:1101:27)\n    at Object.Module._extensions..js (internal/modules/cjs/loader.js:1157:10)\n    at Module.load (internal/modules/cjs/loader.js:985:32)\n    at Function.Module._load (internal/modules/cjs/loader.js:878:14)\n    at Module.require (internal/modules/cjs/loader.js:1025:19)\n    at require (internal/modules/cjs/helpers.js:72:18)\n    at Object.<anonymous> (D:\\Code Programmin\\JavaScript\\Node\\QuizApp\\quiz-app-in-nodejs\\app.js:20:22)\n    at Module._compile (internal/modules/cjs/loader.js:1137:30)\n    at Object.Module._extensions..js (internal/modules/cjs/loader.js:1157:10)","stack":"D:\\Code Programmin\\JavaScript\\Node\\QuizApp\\quiz-app-in-nodejs\\authenticate.js:20\n      const verifyPassword = await comparePassword(user.passwordHash, user.passwordSalt, password); \n                             ^^^^^\n\nSyntaxError: await is only valid in async function\n    at wrapSafe (internal/modules/cjs/loader.js:1053:16)\n    at Module._compile (internal/modules/cjs/loader.js:1101:27)\n    at Object.Module._extensions..js (internal/modules/cjs/loader.js:1157:10)\n    at Module.load (internal/modules/cjs/loader.js:985:32)\n    at Function.Module._load (internal/modules/cjs/loader.js:878:14)\n    at Module.require (internal/modules/cjs/loader.js:1025:19)\n    at require (internal/modules/cjs/helpers.js:72:18)\n    at Object.<anonymous> (D:\\Code Programmin\\JavaScript\\Node\\QuizApp\\quiz-app-in-nodejs\\app.js:20:22)\n    at Module._compile (internal/modules/cjs/loader.js:1137:30)\n    at Object.Module._extensions..js (internal/modules/cjs/loader.js:1157:10)","exception":true,"date":"Thu Aug 12 2021 09:38:16 GMT+0500 (Pakistan Standard Time)","process":{"pid":18956,"uid":null,"gid":null,"cwd":"D:\\Code Programmin\\JavaScript\\Node\\QuizApp\\quiz-app-in-nodejs","execPath":"C:\\Program Files\\nodejs\\node.exe","version":"v12.18.4","argv":["C:\\Program Files\\nodejs\\node.exe","D:\\Code Programmin\\JavaScript\\Node\\QuizApp\\quiz-app-in-nodejs\\bin\\www"],"memoryUsage":{"rss":38744064,"heapTotal":17547264,"heapUsed":10897616,"external":1463228,"arrayBuffers":124834}},"os":{"loadavg":[0,0,0],"uptime":91954},"trace":[{"column":16,"file":"internal/modules/cjs/loader.js","function":"wrapSafe","line":1053,"method":null,"native":false},{"column":27,"file":"internal/modules/cjs/loader.js","function":"Module._compile","line":1101,"method":"_compile","native":false},{"column":10,"file":"internal/modules/cjs/loader.js","function":"Module._extensions..js","line":1157,"method":".js","native":false},{"column":32,"file":"internal/modules/cjs/loader.js","function":"Module.load","line":985,"method":"load","native":false},{"column":14,"file":"internal/modules/cjs/loader.js","function":"Module._load","line":878,"method":"_load","native":false},{"column":19,"file":"internal/modules/cjs/loader.js","function":"Module.require","line":1025,"method":"require","native":false},{"column":18,"file":"internal/modules/cjs/helpers.js","function":"require","line":72,"method":null,"native":false},{"column":22,"file":"D:\\Code Programmin\\JavaScript\\Node\\QuizApp\\quiz-app-in-nodejs\\app.js","function":null,"line":20,"method":null,"native":false},{"column":30,"file":"internal/modules/cjs/loader.js","function":"Module._compile","line":1137,"method":"_compile","native":false},{"column":10,"file":"internal/modules/cjs/loader.js","function":"Module._extensions..js","line":1157,"method":".js","native":false}]}
{"message":"500 - passport is not defined - /users/login - POST - ::1","level":"error"}
{"error":{},"level":"error","message":"uncaughtException: Route.post() requires a callback function but got a [object Undefined]\nError: Route.post() requires a callback function but got a [object Undefined]\n    at Route.<computed> [as post] (D:\\Code Programmin\\JavaScript\\Node\\QuizApp\\quiz-app-in-nodejs\\node_modules\\express\\lib\\router\\route.js:202:15)\n    at Object.<anonymous> (D:\\Code Programmin\\JavaScript\\Node\\QuizApp\\quiz-app-in-nodejs\\routes\\quizRouter.js:24:6)\n    at Module._compile (internal/modules/cjs/loader.js:1137:30)\n    at Object.Module._extensions..js (internal/modules/cjs/loader.js:1157:10)\n    at Module.load (internal/modules/cjs/loader.js:985:32)\n    at Function.Module._load (internal/modules/cjs/loader.js:878:14)\n    at Module.require (internal/modules/cjs/loader.js:1025:19)\n    at require (internal/modules/cjs/helpers.js:72:18)\n    at Object.<anonymous> (D:\\Code Programmin\\JavaScript\\Node\\QuizApp\\quiz-app-in-nodejs\\app.js:24:20)\n    at Module._compile (internal/modules/cjs/loader.js:1137:30)\n    at Object.Module._extensions..js (internal/modules/cjs/loader.js:1157:10)\n    at Module.load (internal/modules/cjs/loader.js:985:32)\n    at Function.Module._load (internal/modules/cjs/loader.js:878:14)\n    at Module.require (internal/modules/cjs/loader.js:1025:19)\n    at require (internal/modules/cjs/helpers.js:72:18)\n    at Object.<anonymous> (D:\\Code Programmin\\JavaScript\\Node\\QuizApp\\quiz-app-in-nodejs\\bin\\www:7:11)","stack":"Error: Route.post() requires a callback function but got a [object Undefined]\n    at Route.<computed> [as post] (D:\\Code Programmin\\JavaScript\\Node\\QuizApp\\quiz-app-in-nodejs\\node_modules\\express\\lib\\router\\route.js:202:15)\n    at Object.<anonymous> (D:\\Code Programmin\\JavaScript\\Node\\QuizApp\\quiz-app-in-nodejs\\routes\\quizRouter.js:24:6)\n    at Module._compile (internal/modules/cjs/loader.js:1137:30)\n    at Object.Module._extensions..js (internal/modules/cjs/loader.js:1157:10)\n    at Module.load (internal/modules/cjs/loader.js:985:32)\n    at Function.Module._load (internal/modules/cjs/loader.js:878:14)\n    at Module.require (internal/modules/cjs/loader.js:1025:19)\n    at require (internal/modules/cjs/helpers.js:72:18)\n    at Object.<anonymous> (D:\\Code Programmin\\JavaScript\\Node\\QuizApp\\quiz-app-in-nodejs\\app.js:24:20)\n    at Module._compile (internal/modules/cjs/loader.js:1137:30)\n    at Object.Module._extensions..js (internal/modules/cjs/loader.js:1157:10)\n    at Module.load (internal/modules/cjs/loader.js:985:32)\n    at Function.Module._load (internal/modules/cjs/loader.js:878:14)\n    at Module.require (internal/modules/cjs/loader.js:1025:19)\n    at require (internal/modules/cjs/helpers.js:72:18)\n    at Object.<anonymous> (D:\\Code Programmin\\JavaScript\\Node\\QuizApp\\quiz-app-in-nodejs\\bin\\www:7:11)","exception":true,"date":"Thu Aug 12 2021 13:57:49 GMT+0500 (Pakistan Standard Time)","process":{"pid":17920,"uid":null,"gid":null,"cwd":"D:\\Code Programmin\\JavaScript\\Node\\QuizApp\\quiz-app-in-nodejs","execPath":"C:\\Program Files\\nodejs\\node.exe","version":"v12.18.4","argv":["C:\\Program Files\\nodejs\\node.exe","D:\\Code Programmin\\JavaScript\\Node\\QuizApp\\quiz-app-in-nodejs\\bin\\www"],"memoryUsage":{"rss":59764736,"heapTotal":35205120,"heapUsed":20669752,"external":19931406,"arrayBuffers":18443150}},"os":{"loadavg":[0,0,0],"uptime":107528},"trace":[{"column":15,"file":"D:\\Code Programmin\\JavaScript\\Node\\QuizApp\\quiz-app-in-nodejs\\node_modules\\express\\lib\\router\\route.js","function":"Route.<computed> [as post]","line":202,"method":"<computed> [as post]","native":false},{"column":6,"file":"D:\\Code Programmin\\JavaScript\\Node\\QuizApp\\quiz-app-in-nodejs\\routes\\quizRouter.js","function":null,"line":24,"method":null,"native":false},{"column":30,"file":"internal/modules/cjs/loader.js","function":"Module._compile","line":1137,"method":"_compile","native":false},{"column":10,"file":"internal/modules/cjs/loader.js","function":"Module._extensions..js","line":1157,"method":".js","native":false},{"column":32,"file":"internal/modules/cjs/loader.js","function":"Module.load","line":985,"method":"load","native":false},{"column":14,"file":"internal/modules/cjs/loader.js","function":"Module._load","line":878,"method":"_load","native":false},{"column":19,"file":"internal/modules/cjs/loader.js","function":"Module.require","line":1025,"method":"require","native":false},{"column":18,"file":"internal/modules/cjs/helpers.js","function":"require","line":72,"method":null,"native":false},{"column":20,"file":"D:\\Code Programmin\\JavaScript\\Node\\QuizApp\\quiz-app-in-nodejs\\app.js","function":null,"line":24,"method":null,"native":false},{"column":30,"file":"internal/modules/cjs/loader.js","function":"Module._compile","line":1137,"method":"_compile","native":false},{"column":10,"file":"internal/modules/cjs/loader.js","function":"Module._extensions..js","line":1157,"method":".js","native":false},{"column":32,"file":"internal/modules/cjs/loader.js","function":"Module.load","line":985,"method":"load","native":false},{"column":14,"file":"internal/modules/cjs/loader.js","function":"Module._load","line":878,"method":"_load","native":false},{"column":19,"file":"internal/modules/cjs/loader.js","function":"Module.require","line":1025,"method":"require","native":false},{"column":18,"file":"internal/modules/cjs/helpers.js","function":"require","line":72,"method":null,"native":false},{"column":11,"file":"D:\\Code Programmin\\JavaScript\\Node\\QuizApp\\quiz-app-in-nodejs\\bin\\www","function":null,"line":7,"method":null,"native":false}]}
{"error":{},"level":"error","message":"uncaughtException: Route.post() requires a callback function but got a [object Undefined]\nError: Route.post() requires a callback function but got a [object Undefined]\n    at Route.<computed> [as post] (D:\\Code Programmin\\JavaScript\\Node\\QuizApp\\quiz-app-in-nodejs\\node_modules\\express\\lib\\router\\route.js:202:15)\n    at Object.<anonymous> (D:\\Code Programmin\\JavaScript\\Node\\QuizApp\\quiz-app-in-nodejs\\routes\\quizRouter.js:24:6)\n    at Module._compile (internal/modules/cjs/loader.js:1137:30)\n    at Object.Module._extensions..js (internal/modules/cjs/loader.js:1157:10)\n    at Module.load (internal/modules/cjs/loader.js:985:32)\n    at Function.Module._load (internal/modules/cjs/loader.js:878:14)\n    at Module.require (internal/modules/cjs/loader.js:1025:19)\n    at require (internal/modules/cjs/helpers.js:72:18)\n    at Object.<anonymous> (D:\\Code Programmin\\JavaScript\\Node\\QuizApp\\quiz-app-in-nodejs\\app.js:24:20)\n    at Module._compile (internal/modules/cjs/loader.js:1137:30)\n    at Object.Module._extensions..js (internal/modules/cjs/loader.js:1157:10)\n    at Module.load (internal/modules/cjs/loader.js:985:32)\n    at Function.Module._load (internal/modules/cjs/loader.js:878:14)\n    at Module.require (internal/modules/cjs/loader.js:1025:19)\n    at require (internal/modules/cjs/helpers.js:72:18)\n    at Object.<anonymous> (D:\\Code Programmin\\JavaScript\\Node\\QuizApp\\quiz-app-in-nodejs\\bin\\www:7:11)","stack":"Error: Route.post() requires a callback function but got a [object Undefined]\n    at Route.<computed> [as post] (D:\\Code Programmin\\JavaScript\\Node\\QuizApp\\quiz-app-in-nodejs\\node_modules\\express\\lib\\router\\route.js:202:15)\n    at Object.<anonymous> (D:\\Code Programmin\\JavaScript\\Node\\QuizApp\\quiz-app-in-nodejs\\routes\\quizRouter.js:24:6)\n    at Module._compile (internal/modules/cjs/loader.js:1137:30)\n    at Object.Module._extensions..js (internal/modules/cjs/loader.js:1157:10)\n    at Module.load (internal/modules/cjs/loader.js:985:32)\n    at Function.Module._load (internal/modules/cjs/loader.js:878:14)\n    at Module.require (internal/modules/cjs/loader.js:1025:19)\n    at require (internal/modules/cjs/helpers.js:72:18)\n    at Object.<anonymous> (D:\\Code Programmin\\JavaScript\\Node\\QuizApp\\quiz-app-in-nodejs\\app.js:24:20)\n    at Module._compile (internal/modules/cjs/loader.js:1137:30)\n    at Object.Module._extensions..js (internal/modules/cjs/loader.js:1157:10)\n    at Module.load (internal/modules/cjs/loader.js:985:32)\n    at Function.Module._load (internal/modules/cjs/loader.js:878:14)\n    at Module.require (internal/modules/cjs/loader.js:1025:19)\n    at require (internal/modules/cjs/helpers.js:72:18)\n    at Object.<anonymous> (D:\\Code Programmin\\JavaScript\\Node\\QuizApp\\quiz-app-in-nodejs\\bin\\www:7:11)","exception":true,"date":"Thu Aug 12 2021 14:03:35 GMT+0500 (Pakistan Standard Time)","process":{"pid":16952,"uid":null,"gid":null,"cwd":"D:\\Code Programmin\\JavaScript\\Node\\QuizApp\\quiz-app-in-nodejs","execPath":"C:\\Program Files\\nodejs\\node.exe","version":"v12.18.4","argv":["C:\\Program Files\\nodejs\\node.exe","D:\\Code Programmin\\JavaScript\\Node\\QuizApp\\quiz-app-in-nodejs\\bin\\www"],"memoryUsage":{"rss":59527168,"heapTotal":35205120,"heapUsed":21138928,"external":19963748,"arrayBuffers":18475492}},"os":{"loadavg":[0,0,0],"uptime":107874},"trace":[{"column":15,"file":"D:\\Code Programmin\\JavaScript\\Node\\QuizApp\\quiz-app-in-nodejs\\node_modules\\express\\lib\\router\\route.js","function":"Route.<computed> [as post]","line":202,"method":"<computed> [as post]","native":false},{"column":6,"file":"D:\\Code Programmin\\JavaScript\\Node\\QuizApp\\quiz-app-in-nodejs\\routes\\quizRouter.js","function":null,"line":24,"method":null,"native":false},{"column":30,"file":"internal/modules/cjs/loader.js","function":"Module._compile","line":1137,"method":"_compile","native":false},{"column":10,"file":"internal/modules/cjs/loader.js","function":"Module._extensions..js","line":1157,"method":".js","native":false},{"column":32,"file":"internal/modules/cjs/loader.js","function":"Module.load","line":985,"method":"load","native":false},{"column":14,"file":"internal/modules/cjs/loader.js","function":"Module._load","line":878,"method":"_load","native":false},{"column":19,"file":"internal/modules/cjs/loader.js","function":"Module.require","line":1025,"method":"require","native":false},{"column":18,"file":"internal/modules/cjs/helpers.js","function":"require","line":72,"method":null,"native":false},{"column":20,"file":"D:\\Code Programmin\\JavaScript\\Node\\QuizApp\\quiz-app-in-nodejs\\app.js","function":null,"line":24,"method":null,"native":false},{"column":30,"file":"internal/modules/cjs/loader.js","function":"Module._compile","line":1137,"method":"_compile","native":false},{"column":10,"file":"internal/modules/cjs/loader.js","function":"Module._extensions..js","line":1157,"method":".js","native":false},{"column":32,"file":"internal/modules/cjs/loader.js","function":"Module.load","line":985,"method":"load","native":false},{"column":14,"file":"internal/modules/cjs/loader.js","function":"Module._load","line":878,"method":"_load","native":false},{"column":19,"file":"internal/modules/cjs/loader.js","function":"Module.require","line":1025,"method":"require","native":false},{"column":18,"file":"internal/modules/cjs/helpers.js","function":"require","line":72,"method":null,"native":false},{"column":11,"file":"D:\\Code Programmin\\JavaScript\\Node\\QuizApp\\quiz-app-in-nodejs\\bin\\www","function":null,"line":7,"method":null,"native":false}]}
{"error":{},"level":"error","message":"uncaughtException: Route.post() requires a callback function but got a [object Undefined]\nError: Route.post() requires a callback function but got a [object Undefined]\n    at Route.<computed> [as post] (D:\\Code Programmin\\JavaScript\\Node\\QuizApp\\quiz-app-in-nodejs\\node_modules\\express\\lib\\router\\route.js:202:15)\n    at Object.<anonymous> (D:\\Code Programmin\\JavaScript\\Node\\QuizApp\\quiz-app-in-nodejs\\routes\\quizRouter.js:24:6)\n    at Module._compile (internal/modules/cjs/loader.js:1137:30)\n    at Object.Module._extensions..js (internal/modules/cjs/loader.js:1157:10)\n    at Module.load (internal/modules/cjs/loader.js:985:32)\n    at Function.Module._load (internal/modules/cjs/loader.js:878:14)\n    at Module.require (internal/modules/cjs/loader.js:1025:19)\n    at require (internal/modules/cjs/helpers.js:72:18)\n    at Object.<anonymous> (D:\\Code Programmin\\JavaScript\\Node\\QuizApp\\quiz-app-in-nodejs\\app.js:24:20)\n    at Module._compile (internal/modules/cjs/loader.js:1137:30)\n    at Object.Module._extensions..js (internal/modules/cjs/loader.js:1157:10)\n    at Module.load (internal/modules/cjs/loader.js:985:32)\n    at Function.Module._load (internal/modules/cjs/loader.js:878:14)\n    at Module.require (internal/modules/cjs/loader.js:1025:19)\n    at require (internal/modules/cjs/helpers.js:72:18)\n    at Object.<anonymous> (D:\\Code Programmin\\JavaScript\\Node\\QuizApp\\quiz-app-in-nodejs\\bin\\www:7:11)","stack":"Error: Route.post() requires a callback function but got a [object Undefined]\n    at Route.<computed> [as post] (D:\\Code Programmin\\JavaScript\\Node\\QuizApp\\quiz-app-in-nodejs\\node_modules\\express\\lib\\router\\route.js:202:15)\n    at Object.<anonymous> (D:\\Code Programmin\\JavaScript\\Node\\QuizApp\\quiz-app-in-nodejs\\routes\\quizRouter.js:24:6)\n    at Module._compile (internal/modules/cjs/loader.js:1137:30)\n    at Object.Module._extensions..js (internal/modules/cjs/loader.js:1157:10)\n    at Module.load (internal/modules/cjs/loader.js:985:32)\n    at Function.Module._load (internal/modules/cjs/loader.js:878:14)\n    at Module.require (internal/modules/cjs/loader.js:1025:19)\n    at require (internal/modules/cjs/helpers.js:72:18)\n    at Object.<anonymous> (D:\\Code Programmin\\JavaScript\\Node\\QuizApp\\quiz-app-in-nodejs\\app.js:24:20)\n    at Module._compile (internal/modules/cjs/loader.js:1137:30)\n    at Object.Module._extensions..js (internal/modules/cjs/loader.js:1157:10)\n    at Module.load (internal/modules/cjs/loader.js:985:32)\n    at Function.Module._load (internal/modules/cjs/loader.js:878:14)\n    at Module.require (internal/modules/cjs/loader.js:1025:19)\n    at require (internal/modules/cjs/helpers.js:72:18)\n    at Object.<anonymous> (D:\\Code Programmin\\JavaScript\\Node\\QuizApp\\quiz-app-in-nodejs\\bin\\www:7:11)","exception":true,"date":"Thu Aug 12 2021 14:03:49 GMT+0500 (Pakistan Standard Time)","process":{"pid":12768,"uid":null,"gid":null,"cwd":"D:\\Code Programmin\\JavaScript\\Node\\QuizApp\\quiz-app-in-nodejs","execPath":"C:\\Program Files\\nodejs\\node.exe","version":"v12.18.4","argv":["C:\\Program Files\\nodejs\\node.exe","D:\\Code Programmin\\JavaScript\\Node\\QuizApp\\quiz-app-in-nodejs\\bin\\www"],"memoryUsage":{"rss":59568128,"heapTotal":34942976,"heapUsed":21787512,"external":20005826,"arrayBuffers":18517253}},"os":{"loadavg":[0,0,0],"uptime":107888},"trace":[{"column":15,"file":"D:\\Code Programmin\\JavaScript\\Node\\QuizApp\\quiz-app-in-nodejs\\node_modules\\express\\lib\\router\\route.js","function":"Route.<computed> [as post]","line":202,"method":"<computed> [as post]","native":false},{"column":6,"file":"D:\\Code Programmin\\JavaScript\\Node\\QuizApp\\quiz-app-in-nodejs\\routes\\quizRouter.js","function":null,"line":24,"method":null,"native":false},{"column":30,"file":"internal/modules/cjs/loader.js","function":"Module._compile","line":1137,"method":"_compile","native":false},{"column":10,"file":"internal/modules/cjs/loader.js","function":"Module._extensions..js","line":1157,"method":".js","native":false},{"column":32,"file":"internal/modules/cjs/loader.js","function":"Module.load","line":985,"method":"load","native":false},{"column":14,"file":"internal/modules/cjs/loader.js","function":"Module._load","line":878,"method":"_load","native":false},{"column":19,"file":"internal/modules/cjs/loader.js","function":"Module.require","line":1025,"method":"require","native":false},{"column":18,"file":"internal/modules/cjs/helpers.js","function":"require","line":72,"method":null,"native":false},{"column":20,"file":"D:\\Code Programmin\\JavaScript\\Node\\QuizApp\\quiz-app-in-nodejs\\app.js","function":null,"line":24,"method":null,"native":false},{"column":30,"file":"internal/modules/cjs/loader.js","function":"Module._compile","line":1137,"method":"_compile","native":false},{"column":10,"file":"internal/modules/cjs/loader.js","function":"Module._extensions..js","line":1157,"method":".js","native":false},{"column":32,"file":"internal/modules/cjs/loader.js","function":"Module.load","line":985,"method":"load","native":false},{"column":14,"file":"internal/modules/cjs/loader.js","function":"Module._load","line":878,"method":"_load","native":false},{"column":19,"file":"internal/modules/cjs/loader.js","function":"Module.require","line":1025,"method":"require","native":false},{"column":18,"file":"internal/modules/cjs/helpers.js","function":"require","line":72,"method":null,"native":false},{"column":11,"file":"D:\\Code Programmin\\JavaScript\\Node\\QuizApp\\quiz-app-in-nodejs\\bin\\www","function":null,"line":7,"method":null,"native":false}]}
{"error":{},"level":"error","message":"uncaughtException: Route.post() requires a callback function but got a [object Undefined]\nError: Route.post() requires a callback function but got a [object Undefined]\n    at Route.<computed> [as post] (D:\\Code Programmin\\JavaScript\\Node\\QuizApp\\quiz-app-in-nodejs\\node_modules\\express\\lib\\router\\route.js:202:15)\n    at Object.<anonymous> (D:\\Code Programmin\\JavaScript\\Node\\QuizApp\\quiz-app-in-nodejs\\routes\\quizRouter.js:24:6)\n    at Module._compile (internal/modules/cjs/loader.js:1137:30)\n    at Object.Module._extensions..js (internal/modules/cjs/loader.js:1157:10)\n    at Module.load (internal/modules/cjs/loader.js:985:32)\n    at Function.Module._load (internal/modules/cjs/loader.js:878:14)\n    at Module.require (internal/modules/cjs/loader.js:1025:19)\n    at require (internal/modules/cjs/helpers.js:72:18)\n    at Object.<anonymous> (D:\\Code Programmin\\JavaScript\\Node\\QuizApp\\quiz-app-in-nodejs\\app.js:24:20)\n    at Module._compile (internal/modules/cjs/loader.js:1137:30)\n    at Object.Module._extensions..js (internal/modules/cjs/loader.js:1157:10)\n    at Module.load (internal/modules/cjs/loader.js:985:32)\n    at Function.Module._load (internal/modules/cjs/loader.js:878:14)\n    at Module.require (internal/modules/cjs/loader.js:1025:19)\n    at require (internal/modules/cjs/helpers.js:72:18)\n    at Object.<anonymous> (D:\\Code Programmin\\JavaScript\\Node\\QuizApp\\quiz-app-in-nodejs\\bin\\www:7:11)","stack":"Error: Route.post() requires a callback function but got a [object Undefined]\n    at Route.<computed> [as post] (D:\\Code Programmin\\JavaScript\\Node\\QuizApp\\quiz-app-in-nodejs\\node_modules\\express\\lib\\router\\route.js:202:15)\n    at Object.<anonymous> (D:\\Code Programmin\\JavaScript\\Node\\QuizApp\\quiz-app-in-nodejs\\routes\\quizRouter.js:24:6)\n    at Module._compile (internal/modules/cjs/loader.js:1137:30)\n    at Object.Module._extensions..js (internal/modules/cjs/loader.js:1157:10)\n    at Module.load (internal/modules/cjs/loader.js:985:32)\n    at Function.Module._load (internal/modules/cjs/loader.js:878:14)\n    at Module.require (internal/modules/cjs/loader.js:1025:19)\n    at require (internal/modules/cjs/helpers.js:72:18)\n    at Object.<anonymous> (D:\\Code Programmin\\JavaScript\\Node\\QuizApp\\quiz-app-in-nodejs\\app.js:24:20)\n    at Module._compile (internal/modules/cjs/loader.js:1137:30)\n    at Object.Module._extensions..js (internal/modules/cjs/loader.js:1157:10)\n    at Module.load (internal/modules/cjs/loader.js:985:32)\n    at Function.Module._load (internal/modules/cjs/loader.js:878:14)\n    at Module.require (internal/modules/cjs/loader.js:1025:19)\n    at require (internal/modules/cjs/helpers.js:72:18)\n    at Object.<anonymous> (D:\\Code Programmin\\JavaScript\\Node\\QuizApp\\quiz-app-in-nodejs\\bin\\www:7:11)","exception":true,"date":"Thu Aug 12 2021 14:04:37 GMT+0500 (Pakistan Standard Time)","process":{"pid":21332,"uid":null,"gid":null,"cwd":"D:\\Code Programmin\\JavaScript\\Node\\QuizApp\\quiz-app-in-nodejs","execPath":"C:\\Program Files\\nodejs\\node.exe","version":"v12.18.4","argv":["C:\\Program Files\\nodejs\\node.exe","D:\\Code Programmin\\JavaScript\\Node\\QuizApp\\quiz-app-in-nodejs\\bin\\www"],"memoryUsage":{"rss":59707392,"heapTotal":35205120,"heapUsed":21535808,"external":19997317,"arrayBuffers":18509061}},"os":{"loadavg":[0,0,0],"uptime":107936},"trace":[{"column":15,"file":"D:\\Code Programmin\\JavaScript\\Node\\QuizApp\\quiz-app-in-nodejs\\node_modules\\express\\lib\\router\\route.js","function":"Route.<computed> [as post]","line":202,"method":"<computed> [as post]","native":false},{"column":6,"file":"D:\\Code Programmin\\JavaScript\\Node\\QuizApp\\quiz-app-in-nodejs\\routes\\quizRouter.js","function":null,"line":24,"method":null,"native":false},{"column":30,"file":"internal/modules/cjs/loader.js","function":"Module._compile","line":1137,"method":"_compile","native":false},{"column":10,"file":"internal/modules/cjs/loader.js","function":"Module._extensions..js","line":1157,"method":".js","native":false},{"column":32,"file":"internal/modules/cjs/loader.js","function":"Module.load","line":985,"method":"load","native":false},{"column":14,"file":"internal/modules/cjs/loader.js","function":"Module._load","line":878,"method":"_load","native":false},{"column":19,"file":"internal/modules/cjs/loader.js","function":"Module.require","line":1025,"method":"require","native":false},{"column":18,"file":"internal/modules/cjs/helpers.js","function":"require","line":72,"method":null,"native":false},{"column":20,"file":"D:\\Code Programmin\\JavaScript\\Node\\QuizApp\\quiz-app-in-nodejs\\app.js","function":null,"line":24,"method":null,"native":false},{"column":30,"file":"internal/modules/cjs/loader.js","function":"Module._compile","line":1137,"method":"_compile","native":false},{"column":10,"file":"internal/modules/cjs/loader.js","function":"Module._extensions..js","line":1157,"method":".js","native":false},{"column":32,"file":"internal/modules/cjs/loader.js","function":"Module.load","line":985,"method":"load","native":false},{"column":14,"file":"internal/modules/cjs/loader.js","function":"Module._load","line":878,"method":"_load","native":false},{"column":19,"file":"internal/modules/cjs/loader.js","function":"Module.require","line":1025,"method":"require","native":false},{"column":18,"file":"internal/modules/cjs/helpers.js","function":"require","line":72,"method":null,"native":false},{"column":11,"file":"D:\\Code Programmin\\JavaScript\\Node\\QuizApp\\quiz-app-in-nodejs\\bin\\www","function":null,"line":7,"method":null,"native":false}]}
{"error":{},"level":"error","message":"uncaughtException: Route.post() requires a callback function but got a [object Undefined]\nError: Route.post() requires a callback function but got a [object Undefined]\n    at Route.<computed> [as post] (D:\\Code Programmin\\JavaScript\\Node\\QuizApp\\quiz-app-in-nodejs\\node_modules\\express\\lib\\router\\route.js:202:15)\n    at Object.<anonymous> (D:\\Code Programmin\\JavaScript\\Node\\QuizApp\\quiz-app-in-nodejs\\routes\\quizRouter.js:24:6)\n    at Module._compile (internal/modules/cjs/loader.js:1137:30)\n    at Object.Module._extensions..js (internal/modules/cjs/loader.js:1157:10)\n    at Module.load (internal/modules/cjs/loader.js:985:32)\n    at Function.Module._load (internal/modules/cjs/loader.js:878:14)\n    at Module.require (internal/modules/cjs/loader.js:1025:19)\n    at require (internal/modules/cjs/helpers.js:72:18)\n    at Object.<anonymous> (D:\\Code Programmin\\JavaScript\\Node\\QuizApp\\quiz-app-in-nodejs\\app.js:24:20)\n    at Module._compile (internal/modules/cjs/loader.js:1137:30)\n    at Object.Module._extensions..js (internal/modules/cjs/loader.js:1157:10)\n    at Module.load (internal/modules/cjs/loader.js:985:32)\n    at Function.Module._load (internal/modules/cjs/loader.js:878:14)\n    at Module.require (internal/modules/cjs/loader.js:1025:19)\n    at require (internal/modules/cjs/helpers.js:72:18)\n    at Object.<anonymous> (D:\\Code Programmin\\JavaScript\\Node\\QuizApp\\quiz-app-in-nodejs\\bin\\www:7:11)","stack":"Error: Route.post() requires a callback function but got a [object Undefined]\n    at Route.<computed> [as post] (D:\\Code Programmin\\JavaScript\\Node\\QuizApp\\quiz-app-in-nodejs\\node_modules\\express\\lib\\router\\route.js:202:15)\n    at Object.<anonymous> (D:\\Code Programmin\\JavaScript\\Node\\QuizApp\\quiz-app-in-nodejs\\routes\\quizRouter.js:24:6)\n    at Module._compile (internal/modules/cjs/loader.js:1137:30)\n    at Object.Module._extensions..js (internal/modules/cjs/loader.js:1157:10)\n    at Module.load (internal/modules/cjs/loader.js:985:32)\n    at Function.Module._load (internal/modules/cjs/loader.js:878:14)\n    at Module.require (internal/modules/cjs/loader.js:1025:19)\n    at require (internal/modules/cjs/helpers.js:72:18)\n    at Object.<anonymous> (D:\\Code Programmin\\JavaScript\\Node\\QuizApp\\quiz-app-in-nodejs\\app.js:24:20)\n    at Module._compile (internal/modules/cjs/loader.js:1137:30)\n    at Object.Module._extensions..js (internal/modules/cjs/loader.js:1157:10)\n    at Module.load (internal/modules/cjs/loader.js:985:32)\n    at Function.Module._load (internal/modules/cjs/loader.js:878:14)\n    at Module.require (internal/modules/cjs/loader.js:1025:19)\n    at require (internal/modules/cjs/helpers.js:72:18)\n    at Object.<anonymous> (D:\\Code Programmin\\JavaScript\\Node\\QuizApp\\quiz-app-in-nodejs\\bin\\www:7:11)","exception":true,"date":"Thu Aug 12 2021 14:04:54 GMT+0500 (Pakistan Standard Time)","process":{"pid":21332,"uid":null,"gid":null,"cwd":"D:\\Code Programmin\\JavaScript\\Node\\QuizApp\\quiz-app-in-nodejs","execPath":"C:\\Program Files\\nodejs\\node.exe","version":"v12.18.4","argv":["C:\\Program Files\\nodejs\\node.exe","D:\\Code Programmin\\JavaScript\\Node\\QuizApp\\quiz-app-in-nodejs\\bin\\www"],"memoryUsage":{"rss":59506688,"heapTotal":35205120,"heapUsed":21536224,"external":19997317,"arrayBuffers":18509061}},"os":{"loadavg":[0,0,0],"uptime":107953},"trace":[{"column":15,"file":"D:\\Code Programmin\\JavaScript\\Node\\QuizApp\\quiz-app-in-nodejs\\node_modules\\express\\lib\\router\\route.js","function":"Route.<computed> [as post]","line":202,"method":"<computed> [as post]","native":false},{"column":6,"file":"D:\\Code Programmin\\JavaScript\\Node\\QuizApp\\quiz-app-in-nodejs\\routes\\quizRouter.js","function":null,"line":24,"method":null,"native":false},{"column":30,"file":"internal/modules/cjs/loader.js","function":"Module._compile","line":1137,"method":"_compile","native":false},{"column":10,"file":"internal/modules/cjs/loader.js","function":"Module._extensions..js","line":1157,"method":".js","native":false},{"column":32,"file":"internal/modules/cjs/loader.js","function":"Module.load","line":985,"method":"load","native":false},{"column":14,"file":"internal/modules/cjs/loader.js","function":"Module._load","line":878,"method":"_load","native":false},{"column":19,"file":"internal/modules/cjs/loader.js","function":"Module.require","line":1025,"method":"require","native":false},{"column":18,"file":"internal/modules/cjs/helpers.js","function":"require","line":72,"method":null,"native":false},{"column":20,"file":"D:\\Code Programmin\\JavaScript\\Node\\QuizApp\\quiz-app-in-nodejs\\app.js","function":null,"line":24,"method":null,"native":false},{"column":30,"file":"internal/modules/cjs/loader.js","function":"Module._compile","line":1137,"method":"_compile","native":false},{"column":10,"file":"internal/modules/cjs/loader.js","function":"Module._extensions..js","line":1157,"method":".js","native":false},{"column":32,"file":"internal/modules/cjs/loader.js","function":"Module.load","line":985,"method":"load","native":false},{"column":14,"file":"internal/modules/cjs/loader.js","function":"Module._load","line":878,"method":"_load","native":false},{"column":19,"file":"internal/modules/cjs/loader.js","function":"Module.require","line":1025,"method":"require","native":false},{"column":18,"file":"internal/modules/cjs/helpers.js","function":"require","line":72,"method":null,"native":false},{"column":11,"file":"D:\\Code Programmin\\JavaScript\\Node\\QuizApp\\quiz-app-in-nodejs\\bin\\www","function":null,"line":7,"method":null,"native":false}]}
{"error":{},"level":"error","message":"uncaughtException: Route.post() requires a callback function but got a [object Undefined]\nError: Route.post() requires a callback function but got a [object Undefined]\n    at Route.<computed> [as post] (D:\\Code Programmin\\JavaScript\\Node\\QuizApp\\quiz-app-in-nodejs\\node_modules\\express\\lib\\router\\route.js:202:15)\n    at Object.<anonymous> (D:\\Code Programmin\\JavaScript\\Node\\QuizApp\\quiz-app-in-nodejs\\routes\\quizRouter.js:24:6)\n    at Module._compile (internal/modules/cjs/loader.js:1137:30)\n    at Object.Module._extensions..js (internal/modules/cjs/loader.js:1157:10)\n    at Module.load (internal/modules/cjs/loader.js:985:32)\n    at Function.Module._load (internal/modules/cjs/loader.js:878:14)\n    at Module.require (internal/modules/cjs/loader.js:1025:19)\n    at require (internal/modules/cjs/helpers.js:72:18)\n    at Object.<anonymous> (D:\\Code Programmin\\JavaScript\\Node\\QuizApp\\quiz-app-in-nodejs\\app.js:24:20)\n    at Module._compile (internal/modules/cjs/loader.js:1137:30)\n    at Object.Module._extensions..js (internal/modules/cjs/loader.js:1157:10)\n    at Module.load (internal/modules/cjs/loader.js:985:32)\n    at Function.Module._load (internal/modules/cjs/loader.js:878:14)\n    at Module.require (internal/modules/cjs/loader.js:1025:19)\n    at require (internal/modules/cjs/helpers.js:72:18)\n    at Object.<anonymous> (D:\\Code Programmin\\JavaScript\\Node\\QuizApp\\quiz-app-in-nodejs\\bin\\www:7:11)","stack":"Error: Route.post() requires a callback function but got a [object Undefined]\n    at Route.<computed> [as post] (D:\\Code Programmin\\JavaScript\\Node\\QuizApp\\quiz-app-in-nodejs\\node_modules\\express\\lib\\router\\route.js:202:15)\n    at Object.<anonymous> (D:\\Code Programmin\\JavaScript\\Node\\QuizApp\\quiz-app-in-nodejs\\routes\\quizRouter.js:24:6)\n    at Module._compile (internal/modules/cjs/loader.js:1137:30)\n    at Object.Module._extensions..js (internal/modules/cjs/loader.js:1157:10)\n    at Module.load (internal/modules/cjs/loader.js:985:32)\n    at Function.Module._load (internal/modules/cjs/loader.js:878:14)\n    at Module.require (internal/modules/cjs/loader.js:1025:19)\n    at require (internal/modules/cjs/helpers.js:72:18)\n    at Object.<anonymous> (D:\\Code Programmin\\JavaScript\\Node\\QuizApp\\quiz-app-in-nodejs\\app.js:24:20)\n    at Module._compile (internal/modules/cjs/loader.js:1137:30)\n    at Object.Module._extensions..js (internal/modules/cjs/loader.js:1157:10)\n    at Module.load (internal/modules/cjs/loader.js:985:32)\n    at Function.Module._load (internal/modules/cjs/loader.js:878:14)\n    at Module.require (internal/modules/cjs/loader.js:1025:19)\n    at require (internal/modules/cjs/helpers.js:72:18)\n    at Object.<anonymous> (D:\\Code Programmin\\JavaScript\\Node\\QuizApp\\quiz-app-in-nodejs\\bin\\www:7:11)","exception":true,"date":"Thu Aug 12 2021 14:05:12 GMT+0500 (Pakistan Standard Time)","process":{"pid":6628,"uid":null,"gid":null,"cwd":"D:\\Code Programmin\\JavaScript\\Node\\QuizApp\\quiz-app-in-nodejs","execPath":"C:\\Program Files\\nodejs\\node.exe","version":"v12.18.4","argv":["C:\\Program Files\\nodejs\\node.exe","D:\\Code Programmin\\JavaScript\\Node\\QuizApp\\quiz-app-in-nodejs\\bin\\www"],"memoryUsage":{"rss":59674624,"heapTotal":34942976,"heapUsed":21623944,"external":19997317,"arrayBuffers":18509061}},"os":{"loadavg":[0,0,0],"uptime":107971},"trace":[{"column":15,"file":"D:\\Code Programmin\\JavaScript\\Node\\QuizApp\\quiz-app-in-nodejs\\node_modules\\express\\lib\\router\\route.js","function":"Route.<computed> [as post]","line":202,"method":"<computed> [as post]","native":false},{"column":6,"file":"D:\\Code Programmin\\JavaScript\\Node\\QuizApp\\quiz-app-in-nodejs\\routes\\quizRouter.js","function":null,"line":24,"method":null,"native":false},{"column":30,"file":"internal/modules/cjs/loader.js","function":"Module._compile","line":1137,"method":"_compile","native":false},{"column":10,"file":"internal/modules/cjs/loader.js","function":"Module._extensions..js","line":1157,"method":".js","native":false},{"column":32,"file":"internal/modules/cjs/loader.js","function":"Module.load","line":985,"method":"load","native":false},{"column":14,"file":"internal/modules/cjs/loader.js","function":"Module._load","line":878,"method":"_load","native":false},{"column":19,"file":"internal/modules/cjs/loader.js","function":"Module.require","line":1025,"method":"require","native":false},{"column":18,"file":"internal/modules/cjs/helpers.js","function":"require","line":72,"method":null,"native":false},{"column":20,"file":"D:\\Code Programmin\\JavaScript\\Node\\QuizApp\\quiz-app-in-nodejs\\app.js","function":null,"line":24,"method":null,"native":false},{"column":30,"file":"internal/modules/cjs/loader.js","function":"Module._compile","line":1137,"method":"_compile","native":false},{"column":10,"file":"internal/modules/cjs/loader.js","function":"Module._extensions..js","line":1157,"method":".js","native":false},{"column":32,"file":"internal/modules/cjs/loader.js","function":"Module.load","line":985,"method":"load","native":false},{"column":14,"file":"internal/modules/cjs/loader.js","function":"Module._load","line":878,"method":"_load","native":false},{"column":19,"file":"internal/modules/cjs/loader.js","function":"Module.require","line":1025,"method":"require","native":false},{"column":18,"file":"internal/modules/cjs/helpers.js","function":"require","line":72,"method":null,"native":false},{"column":11,"file":"D:\\Code Programmin\\JavaScript\\Node\\QuizApp\\quiz-app-in-nodejs\\bin\\www","function":null,"line":7,"method":null,"native":false}]}
{"message":"404 - Not Found - /users/test - POST - ::1","level":"error"}
{"error":{},"level":"error","message":"uncaughtException: Route.get() requires a callback function but got a [object Undefined]\nError: Route.get() requires a callback function but got a [object Undefined]\n    at Route.<computed> [as get] (D:\\Code Programmin\\JavaScript\\Node\\QuizApp\\quiz-app-in-nodejs\\node_modules\\express\\lib\\router\\route.js:202:15)\n    at Function.proto.<computed> [as get] (D:\\Code Programmin\\JavaScript\\Node\\QuizApp\\quiz-app-in-nodejs\\node_modules\\express\\lib\\router\\index.js:510:19)\n    at Object.<anonymous> (D:\\Code Programmin\\JavaScript\\Node\\QuizApp\\quiz-app-in-nodejs\\routes\\users.js:16:8)\n    at Module._compile (internal/modules/cjs/loader.js:1137:30)\n    at Object.Module._extensions..js (internal/modules/cjs/loader.js:1157:10)\n    at Module.load (internal/modules/cjs/loader.js:985:32)\n    at Function.Module._load (internal/modules/cjs/loader.js:878:14)\n    at Module.require (internal/modules/cjs/loader.js:1025:19)\n    at require (internal/modules/cjs/helpers.js:72:18)\n    at Object.<anonymous> (D:\\Code Programmin\\JavaScript\\Node\\QuizApp\\quiz-app-in-nodejs\\app.js:23:21)\n    at Module._compile (internal/modules/cjs/loader.js:1137:30)\n    at Object.Module._extensions..js (internal/modules/cjs/loader.js:1157:10)\n    at Module.load (internal/modules/cjs/loader.js:985:32)\n    at Function.Module._load (internal/modules/cjs/loader.js:878:14)\n    at Module.require (internal/modules/cjs/loader.js:1025:19)\n    at require (internal/modules/cjs/helpers.js:72:18)","stack":"Error: Route.get() requires a callback function but got a [object Undefined]\n    at Route.<computed> [as get] (D:\\Code Programmin\\JavaScript\\Node\\QuizApp\\quiz-app-in-nodejs\\node_modules\\express\\lib\\router\\route.js:202:15)\n    at Function.proto.<computed> [as get] (D:\\Code Programmin\\JavaScript\\Node\\QuizApp\\quiz-app-in-nodejs\\node_modules\\express\\lib\\router\\index.js:510:19)\n    at Object.<anonymous> (D:\\Code Programmin\\JavaScript\\Node\\QuizApp\\quiz-app-in-nodejs\\routes\\users.js:16:8)\n    at Module._compile (internal/modules/cjs/loader.js:1137:30)\n    at Object.Module._extensions..js (internal/modules/cjs/loader.js:1157:10)\n    at Module.load (internal/modules/cjs/loader.js:985:32)\n    at Function.Module._load (internal/modules/cjs/loader.js:878:14)\n    at Module.require (internal/modules/cjs/loader.js:1025:19)\n    at require (internal/modules/cjs/helpers.js:72:18)\n    at Object.<anonymous> (D:\\Code Programmin\\JavaScript\\Node\\QuizApp\\quiz-app-in-nodejs\\app.js:23:21)\n    at Module._compile (internal/modules/cjs/loader.js:1137:30)\n    at Object.Module._extensions..js (internal/modules/cjs/loader.js:1157:10)\n    at Module.load (internal/modules/cjs/loader.js:985:32)\n    at Function.Module._load (internal/modules/cjs/loader.js:878:14)\n    at Module.require (internal/modules/cjs/loader.js:1025:19)\n    at require (internal/modules/cjs/helpers.js:72:18)","exception":true,"date":"Thu Aug 12 2021 14:46:07 GMT+0500 (Pakistan Standard Time)","process":{"pid":20944,"uid":null,"gid":null,"cwd":"D:\\Code Programmin\\JavaScript\\Node\\QuizApp\\quiz-app-in-nodejs","execPath":"C:\\Program Files\\nodejs\\node.exe","version":"v12.18.4","argv":["C:\\Program Files\\nodejs\\node.exe","D:\\Code Programmin\\JavaScript\\Node\\QuizApp\\quiz-app-in-nodejs\\bin\\www"],"memoryUsage":{"rss":59641856,"heapTotal":35205120,"heapUsed":20442728,"external":19928166,"arrayBuffers":18439910}},"os":{"loadavg":[0,0,0],"uptime":110426},"trace":[{"column":15,"file":"D:\\Code Programmin\\JavaScript\\Node\\QuizApp\\quiz-app-in-nodejs\\node_modules\\express\\lib\\router\\route.js","function":"Route.<computed> [as get]","line":202,"method":"<computed> [as get]","native":false},{"column":19,"file":"D:\\Code Programmin\\JavaScript\\Node\\QuizApp\\quiz-app-in-nodejs\\node_modules\\express\\lib\\router\\index.js","function":"Function.proto.<computed> [as get]","line":510,"method":"<computed> [as get]","native":false},{"column":8,"file":"D:\\Code Programmin\\JavaScript\\Node\\QuizApp\\quiz-app-in-nodejs\\routes\\users.js","function":null,"line":16,"method":null,"native":false},{"column":30,"file":"internal/modules/cjs/loader.js","function":"Module._compile","line":1137,"method":"_compile","native":false},{"column":10,"file":"internal/modules/cjs/loader.js","function":"Module._extensions..js","line":1157,"method":".js","native":false},{"column":32,"file":"internal/modules/cjs/loader.js","function":"Module.load","line":985,"method":"load","native":false},{"column":14,"file":"internal/modules/cjs/loader.js","function":"Module._load","line":878,"method":"_load","native":false},{"column":19,"file":"internal/modules/cjs/loader.js","function":"Module.require","line":1025,"method":"require","native":false},{"column":18,"file":"internal/modules/cjs/helpers.js","function":"require","line":72,"method":null,"native":false},{"column":21,"file":"D:\\Code Programmin\\JavaScript\\Node\\QuizApp\\quiz-app-in-nodejs\\app.js","function":null,"line":23,"method":null,"native":false},{"column":30,"file":"internal/modules/cjs/loader.js","function":"Module._compile","line":1137,"method":"_compile","native":false},{"column":10,"file":"internal/modules/cjs/loader.js","function":"Module._extensions..js","line":1157,"method":".js","native":false},{"column":32,"file":"internal/modules/cjs/loader.js","function":"Module.load","line":985,"method":"load","native":false},{"column":14,"file":"internal/modules/cjs/loader.js","function":"Module._load","line":878,"method":"_load","native":false},{"column":19,"file":"internal/modules/cjs/loader.js","function":"Module.require","line":1025,"method":"require","native":false},{"column":18,"file":"internal/modules/cjs/helpers.js","function":"require","line":72,"method":null,"native":false}]}
{"error":{},"level":"error","message":"uncaughtException: Route.get() requires a callback function but got a [object Undefined]\nError: Route.get() requires a callback function but got a [object Undefined]\n    at Route.<computed> [as get] (D:\\Code Programmin\\JavaScript\\Node\\QuizApp\\quiz-app-in-nodejs\\node_modules\\express\\lib\\router\\route.js:202:15)\n    at Function.proto.<computed> [as get] (D:\\Code Programmin\\JavaScript\\Node\\QuizApp\\quiz-app-in-nodejs\\node_modules\\express\\lib\\router\\index.js:510:19)\n    at Object.<anonymous> (D:\\Code Programmin\\JavaScript\\Node\\QuizApp\\quiz-app-in-nodejs\\routes\\users.js:16:8)\n    at Module._compile (internal/modules/cjs/loader.js:1137:30)\n    at Object.Module._extensions..js (internal/modules/cjs/loader.js:1157:10)\n    at Module.load (internal/modules/cjs/loader.js:985:32)\n    at Function.Module._load (internal/modules/cjs/loader.js:878:14)\n    at Module.require (internal/modules/cjs/loader.js:1025:19)\n    at require (internal/modules/cjs/helpers.js:72:18)\n    at Object.<anonymous> (D:\\Code Programmin\\JavaScript\\Node\\QuizApp\\quiz-app-in-nodejs\\app.js:23:21)\n    at Module._compile (internal/modules/cjs/loader.js:1137:30)\n    at Object.Module._extensions..js (internal/modules/cjs/loader.js:1157:10)\n    at Module.load (internal/modules/cjs/loader.js:985:32)\n    at Function.Module._load (internal/modules/cjs/loader.js:878:14)\n    at Module.require (internal/modules/cjs/loader.js:1025:19)\n    at require (internal/modules/cjs/helpers.js:72:18)","stack":"Error: Route.get() requires a callback function but got a [object Undefined]\n    at Route.<computed> [as get] (D:\\Code Programmin\\JavaScript\\Node\\QuizApp\\quiz-app-in-nodejs\\node_modules\\express\\lib\\router\\route.js:202:15)\n    at Function.proto.<computed> [as get] (D:\\Code Programmin\\JavaScript\\Node\\QuizApp\\quiz-app-in-nodejs\\node_modules\\express\\lib\\router\\index.js:510:19)\n    at Object.<anonymous> (D:\\Code Programmin\\JavaScript\\Node\\QuizApp\\quiz-app-in-nodejs\\routes\\users.js:16:8)\n    at Module._compile (internal/modules/cjs/loader.js:1137:30)\n    at Object.Module._extensions..js (internal/modules/cjs/loader.js:1157:10)\n    at Module.load (internal/modules/cjs/loader.js:985:32)\n    at Function.Module._load (internal/modules/cjs/loader.js:878:14)\n    at Module.require (internal/modules/cjs/loader.js:1025:19)\n    at require (internal/modules/cjs/helpers.js:72:18)\n    at Object.<anonymous> (D:\\Code Programmin\\JavaScript\\Node\\QuizApp\\quiz-app-in-nodejs\\app.js:23:21)\n    at Module._compile (internal/modules/cjs/loader.js:1137:30)\n    at Object.Module._extensions..js (internal/modules/cjs/loader.js:1157:10)\n    at Module.load (internal/modules/cjs/loader.js:985:32)\n    at Function.Module._load (internal/modules/cjs/loader.js:878:14)\n    at Module.require (internal/modules/cjs/loader.js:1025:19)\n    at require (internal/modules/cjs/helpers.js:72:18)","exception":true,"date":"Thu Aug 12 2021 15:11:07 GMT+0500 (Pakistan Standard Time)","process":{"pid":18564,"uid":null,"gid":null,"cwd":"D:\\Code Programmin\\JavaScript\\Node\\QuizApp\\quiz-app-in-nodejs","execPath":"C:\\Program Files\\nodejs\\node.exe","version":"v12.18.4","argv":["C:\\Program Files\\nodejs\\node.exe","D:\\Code Programmin\\JavaScript\\Node\\QuizApp\\quiz-app-in-nodejs\\bin\\www"],"memoryUsage":{"rss":60194816,"heapTotal":35205120,"heapUsed":20466808,"external":19912700,"arrayBuffers":18424127}},"os":{"loadavg":[0,0,0],"uptime":111926},"trace":[{"column":15,"file":"D:\\Code Programmin\\JavaScript\\Node\\QuizApp\\quiz-app-in-nodejs\\node_modules\\express\\lib\\router\\route.js","function":"Route.<computed> [as get]","line":202,"method":"<computed> [as get]","native":false},{"column":19,"file":"D:\\Code Programmin\\JavaScript\\Node\\QuizApp\\quiz-app-in-nodejs\\node_modules\\express\\lib\\router\\index.js","function":"Function.proto.<computed> [as get]","line":510,"method":"<computed> [as get]","native":false},{"column":8,"file":"D:\\Code Programmin\\JavaScript\\Node\\QuizApp\\quiz-app-in-nodejs\\routes\\users.js","function":null,"line":16,"method":null,"native":false},{"column":30,"file":"internal/modules/cjs/loader.js","function":"Module._compile","line":1137,"method":"_compile","native":false},{"column":10,"file":"internal/modules/cjs/loader.js","function":"Module._extensions..js","line":1157,"method":".js","native":false},{"column":32,"file":"internal/modules/cjs/loader.js","function":"Module.load","line":985,"method":"load","native":false},{"column":14,"file":"internal/modules/cjs/loader.js","function":"Module._load","line":878,"method":"_load","native":false},{"column":19,"file":"internal/modules/cjs/loader.js","function":"Module.require","line":1025,"method":"require","native":false},{"column":18,"file":"internal/modules/cjs/helpers.js","function":"require","line":72,"method":null,"native":false},{"column":21,"file":"D:\\Code Programmin\\JavaScript\\Node\\QuizApp\\quiz-app-in-nodejs\\app.js","function":null,"line":23,"method":null,"native":false},{"column":30,"file":"internal/modules/cjs/loader.js","function":"Module._compile","line":1137,"method":"_compile","native":false},{"column":10,"file":"internal/modules/cjs/loader.js","function":"Module._extensions..js","line":1157,"method":".js","native":false},{"column":32,"file":"internal/modules/cjs/loader.js","function":"Module.load","line":985,"method":"load","native":false},{"column":14,"file":"internal/modules/cjs/loader.js","function":"Module._load","line":878,"method":"_load","native":false},{"column":19,"file":"internal/modules/cjs/loader.js","function":"Module.require","line":1025,"method":"require","native":false},{"column":18,"file":"internal/modules/cjs/helpers.js","function":"require","line":72,"method":null,"native":false}]}
{"message":"500 - Cannot read property 'user' of undefined - /users/test - GET - ::1","level":"error"}
{"message":"500 - Cannot read property 'user' of undefined - /users/test - GET - ::1","level":"error"}
{"message":"500 - Cannot read property 'user' of undefined - /users/test - GET - ::1","level":"error"}
{"message":"500 - Cannot read property 'user' of undefined - /users/test - GET - ::1","level":"error"}
{"message":"500 - Cannot read property 'isAdmin' of undefined - /users/test1 - GET - ::1","level":"error"}
{"message":"403 - You are not Authorized to perform this operation - /users/test1 - GET - ::ffff:127.0.0.1","level":"error"}
{"message":"403 - You are not Authorized to perform this operation - /users/test1 - GET - ::1","level":"error"}
{"message":"500 - Cannot read property 'isAdmin' of undefined - /users/test1 - GET - ::ffff:127.0.0.1","level":"error"}
{"message":"403 - You are not Authorized to perform this operation - /users/test1 - GET - ::1","level":"error"}
{"message":"403 - You are not Authorized to perform this operation - /users/test1 - GET - ::ffff:127.0.0.1","level":"error"}
{"message":"403 - You are not Authorized to perform this operation - /users/test1 - GET - ::ffff:127.0.0.1","level":"error"}
{"message":"400 - Unexpected token } in JSON at position 33 - /users/signup - POST - ::1","level":"error"}
{"message":"500 - Cannot set headers after they are sent to the client - /users/login - POST - ::1","level":"error"}
{"message":"500 - Cannot set headers after they are sent to the client - /users/login - POST - ::ffff:127.0.0.1","level":"error"}
{"message":"500 - Cannot set headers after they are sent to the client - /users/login - POST - ::1","level":"error"}
{"message":"500 - Cannot set headers after they are sent to the client - /users/login - POST - ::1","level":"error"}
{"message":"500 - Cannot set headers after they are sent to the client - /users/login - POST - ::1","level":"error"}
{"message":"400 - Unexpected token } in JSON at position 34 - /users/login - POST - ::1","level":"error"}
{"message":"500 - Cannot set headers after they are sent to the client - /users/login - POST - ::1","level":"error"}
{"message":"500 - Cannot set headers after they are sent to the client - /users/login - POST - ::1","level":"error"}
{"message":"400 - Unexpected token } in JSON at position 38 - /users/login - POST - ::1","level":"error"}
{"message":"500 - Cannot set headers after they are sent to the client - /users/login - POST - ::1","level":"error"}
{"message":"500 - Cannot set headers after they are sent to the client - /users/login - POST - ::1","level":"error"}
{"message":"500 - Cannot set headers after they are sent to the client - /users/login - POST - ::ffff:127.0.0.1","level":"error"}
{"message":"500 - Cannot set headers after they are sent to the client - /users/login - POST - ::ffff:127.0.0.1","level":"error"}
{"message":"500 - Cannot set headers after they are sent to the client - /users/login - POST - ::ffff:127.0.0.1","level":"error"}
{"message":"500 - Cannot set headers after they are sent to the client - /users/login - POST - ::ffff:127.0.0.1","level":"error"}
{"message":"500 - Cannot set headers after they are sent to the client - /users/login - POST - ::1","level":"error"}
{"message":"500 - Cast to ObjectId failed for value \"611786035bedf5151ca0dac\" at path \"_id\" for model \"Quiz\" - /quizes/611786035bedf5151ca0dac - GET - ::1","level":"error"}
{"message":"500 - Cast to ObjectId failed for value \"611786035bedf5151ca0dac\" at path \"_id\" for model \"Quiz\" - /quizes/611786035bedf5151ca0dac - GET - ::1","level":"error"}
{"message":"500 - undefined - /quizes/611786035bedf5151ca0dac - GET - ::ffff:127.0.0.1","level":"error"}
{"message":"500 - Cast to ObjectId failed for value \"611786035bedf5151ca0dac\" at path \"_id\" for model \"Quiz\" - /quizes/611786035bedf5151ca0dac - GET - ::1","level":"error"}
{"message":"500 - Parameter \"filter\" to deleteOne() must be an object, got 611786035bedf5151ca0dac3 - /quizes/611786035bedf5151ca0dac3 - DELETE - ::1","level":"error"}
{"message":"500 - Quiz 611786035bedf5151ca0dac3 not found - /quizes/611786035bedf5151ca0dac3/questions - GET - ::1","level":"error"}
{"message":"500 - Quiz 611786035bedf5151ca0dac3 not found - /quizes/611786035bedf5151ca0dac3/questions - GET - ::1","level":"error"}
{"message":"500 - Quiz validation failed: questions.0._id: Cast to ObjectId failed for value \"[\n  {\n    question: 'What is capital of Turkey',\n    answers: [ [Object], [Object], [Object], [Object] ],\n    answer: 3,\n    isEnabled: true,\n    explanation: 'Something'\n  },\n  {\n    question: 'What is capital of Pakistan',\n    isEnabled: true,\n    explanation: 'Something',\n    answers: [ [Object], [Object], [Object], [Object] ],\n    answer: 4\n  },\n  {\n    question: 'What is capital of India',\n    isEnabled: true,\n    explanation: 'Something',\n    answers: [ [Object], [Object], [Object], [Object] ],\n    answer: 1\n  }\n]\" at path \"_id\", questions.0.answer: Path `answer` is required., questions.0.question: Path `question` is required. - /quizes/6117958e62938d464ca0be91/questions - POST - ::1","level":"error"}
{"message":"500 - Quiz validation failed: questions.1._id: Cast to ObjectId failed for value \"[\n  {\n    question: 'What is capital of Pakistan',\n    isEnabled: true,\n    explanation: 'Something',\n    answers: [ [Object], [Object], [Object], [Object] ],\n    answer: 4\n  },\n  {\n    question: 'What is capital of India',\n    isEnabled: true,\n    explanation: 'Something',\n    answers: [ [Object], [Object], [Object], [Object] ],\n    answer: 1\n  }\n]\" at path \"_id\", questions.1.answer: Path `answer` is required., questions.1.question: Path `question` is required. - /quizes/6117958e62938d464ca0be91/questions - POST - ::1","level":"error"}
{"message":"500 - Quiz 6117958e62938d464ca0be92 not found - /quizes/6117958e62938d464ca0be92/questions/61179d056eb26e1338c86d6e - GET - ::1","level":"error"}
{"message":"500 - Question 61179d056eb26e1338c86d6f not found - /quizes/6117958e62938d464ca0be91/questions/61179d056eb26e1338c86d6f - GET - ::1","level":"error"}
{"message":"500 - Question 61179d056eb26e1338c86d6e not found - /quizes/6117958e62938d464ca0be91/questions/61179d056eb26e1338c86d6e - DELETE - ::1","level":"error"}
{"error":{},"level":"error","message":"uncaughtException: verifyUser is not defined\nReferenceError: verifyUser is not defined\n    at Object.<anonymous> (D:\\Code Programmin\\JavaScript\\Node\\QuizApp\\quiz-app-in-nodejs\\routes\\quizRouter.js:12:10)\n    at Module._compile (internal/modules/cjs/loader.js:1137:30)\n    at Object.Module._extensions..js (internal/modules/cjs/loader.js:1157:10)\n    at Module.load (internal/modules/cjs/loader.js:985:32)\n    at Function.Module._load (internal/modules/cjs/loader.js:878:14)\n    at Module.require (internal/modules/cjs/loader.js:1025:19)\n    at require (internal/modules/cjs/helpers.js:72:18)\n    at Object.<anonymous> (D:\\Code Programmin\\JavaScript\\Node\\QuizApp\\quiz-app-in-nodejs\\app.js:24:20)\n    at Module._compile (internal/modules/cjs/loader.js:1137:30)\n    at Object.Module._extensions..js (internal/modules/cjs/loader.js:1157:10)\n    at Module.load (internal/modules/cjs/loader.js:985:32)\n    at Function.Module._load (internal/modules/cjs/loader.js:878:14)\n    at Module.require (internal/modules/cjs/loader.js:1025:19)\n    at require (internal/modules/cjs/helpers.js:72:18)\n    at Object.<anonymous> (D:\\Code Programmin\\JavaScript\\Node\\QuizApp\\quiz-app-in-nodejs\\bin\\www:7:11)\n    at Module._compile (internal/modules/cjs/loader.js:1137:30)","stack":"ReferenceError: verifyUser is not defined\n    at Object.<anonymous> (D:\\Code Programmin\\JavaScript\\Node\\QuizApp\\quiz-app-in-nodejs\\routes\\quizRouter.js:12:10)\n    at Module._compile (internal/modules/cjs/loader.js:1137:30)\n    at Object.Module._extensions..js (internal/modules/cjs/loader.js:1157:10)\n    at Module.load (internal/modules/cjs/loader.js:985:32)\n    at Function.Module._load (internal/modules/cjs/loader.js:878:14)\n    at Module.require (internal/modules/cjs/loader.js:1025:19)\n    at require (internal/modules/cjs/helpers.js:72:18)\n    at Object.<anonymous> (D:\\Code Programmin\\JavaScript\\Node\\QuizApp\\quiz-app-in-nodejs\\app.js:24:20)\n    at Module._compile (internal/modules/cjs/loader.js:1137:30)\n    at Object.Module._extensions..js (internal/modules/cjs/loader.js:1157:10)\n    at Module.load (internal/modules/cjs/loader.js:985:32)\n    at Function.Module._load (internal/modules/cjs/loader.js:878:14)\n    at Module.require (internal/modules/cjs/loader.js:1025:19)\n    at require (internal/modules/cjs/helpers.js:72:18)\n    at Object.<anonymous> (D:\\Code Programmin\\JavaScript\\Node\\QuizApp\\quiz-app-in-nodejs\\bin\\www:7:11)\n    at Module._compile (internal/modules/cjs/loader.js:1137:30)","exception":true,"date":"Sat Aug 14 2021 18:08:44 GMT+0500 (Pakistan Standard Time)","process":{"pid":5296,"uid":null,"gid":null,"cwd":"D:\\Code Programmin\\JavaScript\\Node\\QuizApp\\quiz-app-in-nodejs","execPath":"C:\\Program Files\\nodejs\\node.exe","version":"v12.18.4","argv":["C:\\Program Files\\nodejs\\node.exe","D:\\Code Programmin\\JavaScript\\Node\\QuizApp\\quiz-app-in-nodejs\\bin\\www"],"memoryUsage":{"rss":60039168,"heapTotal":35205120,"heapUsed":20863192,"external":19923347,"arrayBuffers":18434774}},"os":{"loadavg":[0,0,0],"uptime":295382},"trace":[{"column":10,"file":"D:\\Code Programmin\\JavaScript\\Node\\QuizApp\\quiz-app-in-nodejs\\routes\\quizRouter.js","function":null,"line":12,"method":null,"native":false},{"column":30,"file":"internal/modules/cjs/loader.js","function":"Module._compile","line":1137,"method":"_compile","native":false},{"column":10,"file":"internal/modules/cjs/loader.js","function":"Module._extensions..js","line":1157,"method":".js","native":false},{"column":32,"file":"internal/modules/cjs/loader.js","function":"Module.load","line":985,"method":"load","native":false},{"column":14,"file":"internal/modules/cjs/loader.js","function":"Module._load","line":878,"method":"_load","native":false},{"column":19,"file":"internal/modules/cjs/loader.js","function":"Module.require","line":1025,"method":"require","native":false},{"column":18,"file":"internal/modules/cjs/helpers.js","function":"require","line":72,"method":null,"native":false},{"column":20,"file":"D:\\Code Programmin\\JavaScript\\Node\\QuizApp\\quiz-app-in-nodejs\\app.js","function":null,"line":24,"method":null,"native":false},{"column":30,"file":"internal/modules/cjs/loader.js","function":"Module._compile","line":1137,"method":"_compile","native":false},{"column":10,"file":"internal/modules/cjs/loader.js","function":"Module._extensions..js","line":1157,"method":".js","native":false},{"column":32,"file":"internal/modules/cjs/loader.js","function":"Module.load","line":985,"method":"load","native":false},{"column":14,"file":"internal/modules/cjs/loader.js","function":"Module._load","line":878,"method":"_load","native":false},{"column":19,"file":"internal/modules/cjs/loader.js","function":"Module.require","line":1025,"method":"require","native":false},{"column":18,"file":"internal/modules/cjs/helpers.js","function":"require","line":72,"method":null,"native":false},{"column":11,"file":"D:\\Code Programmin\\JavaScript\\Node\\QuizApp\\quiz-app-in-nodejs\\bin\\www","function":null,"line":7,"method":null,"native":false},{"column":30,"file":"internal/modules/cjs/loader.js","function":"Module._compile","line":1137,"method":"_compile","native":false}]}
{"message":"403 - You are not Authorized to perform this operation - /quizes - POST - ::1","level":"error"}
{"message":"404 - Not Found - /dishes - GET - ::1","level":"error"}
{"message":"403 - You are not Authorized to perform this operation - /quizes - POST - ::1","level":"error"}
{"message":"403 - You are not Authorized to perform this operation - /quizes - DELETE - ::1","level":"error"}
{"message":"403 - You are not Authorized to perform this operation - /quizes - DELETE - ::1","level":"error"}
{"message":"403 - You are not Authorized to perform this operation - /quizes/6117c433e09579160814c062 - PUT - ::1","level":"error"}
{"message":"403 - You are not Authorized to perform this operation - /quizes/6117c433e09579160814c062 - DELETE - ::1","level":"error"}
{"message":"500 - Quiz 6117c433e09579160814c062 not found - /quizes/6117c433e09579160814c062/questions/ - GET - ::1","level":"error"}
{"message":"403 - You are not Authorized to perform this operation - /quizes/6117c9630f3b03496046d80e/questions/ - POST - ::ffff:127.0.0.1","level":"error"}
{"message":"403 - You are not Authorized to perform this operation - /quizes/6117c9630f3b03496046d80e/questions/ - POST - ::1","level":"error"}
{"message":"403 - You are not Authorized to perform this operation - /quizes/6117c9630f3b03496046d80e/questions/ - POST - ::1","level":"error"}
{"message":"403 - You are not Authorized to perform this operation - /quizes/6117c9630f3b03496046d80e/questions/ - DELETE - ::ffff:127.0.0.1","level":"error"}
{"message":"403 - You are not Authorized to perform this operation - /quizes/6117c9630f3b03496046d80e/questions/ - DELETE - ::1","level":"error"}
{"message":"403 - You are not Authorized to perform this operation - /quizes/6117c9630f3b03496046d80e/questions/ - DELETE - ::1","level":"error"}
{"message":"500 - Question 6117dcf6b8d3f85018c72aa3 not found - /quizes/6117c9630f3b03496046d80e/questions/6117dcf6b8d3f85018c72aa3 - GET - ::1","level":"error"}
{"message":"403 - You are not Authorized to perform this operation - /quizes/6117c9630f3b03496046d80e/questions/6117c9630f3b03496046d80e - DELETE - ::1","level":"error"}
{"message":"500 - Cast to ObjectId failed for value \"0\" at path \"_id\" for model \"Quiz\" - /quizes/0/questions/0 - GET - ::ffff:127.0.0.1","level":"error"}
{"message":"500 - E11000 duplicate key error collection: quiz.quizzes index: name_1 dup key: { name: \"My Quiz\" } - /quizes - POST - ::ffff:127.0.0.1","level":"error"}
{"message":"500 - Cast to ObjectId failed for value \"0\" at path \"_id\" for model \"Quiz\" - /quizes/0 - PUT - ::ffff:127.0.0.1","level":"error"}
{"message":"500 - Cast to ObjectId failed for value \"0\" at path \"_id\" for model \"Quiz\" - /quizes/0/questions - POST - ::ffff:127.0.0.1","level":"error"}
{"message":"500 - Cast to ObjectId failed for value \"0\" at path \"_id\" for model \"Quiz\" - /quizes/0/questions/0 - PUT - ::ffff:127.0.0.1","level":"error"}
{"message":"500 - Cast to ObjectId failed for value \"0\" at path \"_id\" for model \"Quiz\" - /quizes/0/questions/0 - GET - ::ffff:127.0.0.1","level":"error"}
{"message":"500 - Cast to ObjectId failed for value \"0\" at path \"_id\" for model \"Quiz\" - /quizes/0/questions - GET - ::ffff:127.0.0.1","level":"error"}
{"message":"500 - Cast to ObjectId failed for value \"0\" at path \"_id\" for model \"Quiz\" - /quizes/0 - GET - ::ffff:127.0.0.1","level":"error"}
{"message":"500 - Cast to ObjectId failed for value \"0\" at path \"_id\" for model \"Quiz\" - /quizes/0/questions/0 - DELETE - ::ffff:127.0.0.1","level":"error"}
{"message":"500 - Cast to ObjectId failed for value \"0\" at path \"_id\" for model \"Quiz\" - /quizes/0 - DELETE - ::ffff:127.0.0.1","level":"error"}
